<?xml version="1.0" encoding="UTF-8"?>
<!-- Generated by org.testng.reporters.JUnitXMLReporter -->
<testsuite ignored="2" hostname="PFTBLR-RMZ-021" failures="0" tests="1" name="Login" time="23.373" errors="0" timestamp="29 Sep 2020 08:57:55 GMT">
  <testcase classname="com.qa.clearpc.Login.LoginPageTest" name="loginToPortal" time="10.95"/>
  <testcase classname="com.qa.clearpc.Login.LoginPageTest" name="validateLoginForInvalidData" time="0.0">
    <ignored/>
  </testcase> <!-- validateLoginForInvalidData -->
  <testcase classname="com.qa.clearpc.Login.LoginPageTest" name="validateLogin" time="0.0">
    <ignored/>
  </testcase> <!-- validateLogin -->
</testsuite> <!-- Login -->
