<?xml version="1.0" encoding="UTF-8"?>
<!-- Generated by org.testng.reporters.JUnitXMLReporter -->
<testsuite hostname="Manjushree" failures="0" tests="4" name="Login" time="121.916" errors="0" timestamp="19 Aug 2020 10:04:04 GMT">
  <testcase classname="com.qa.clearpc.search.Search_pageTest" name="ValidateSearchTipsMessageIsDispalyed" time="12.515"/>
  <testcase classname="com.qa.clearpc.search.Search_pageTest" name="performSearchWithinOrganisation" time="16.263"/>
  <testcase classname="com.qa.clearpc.search.Search_pageTest" name="validateSearchForInvalidData" time="44.327"/>
  <testcase classname="com.qa.clearpc.search.Search_pageTest" name="validateAutosuggetionsForAdvancedSearch" time="11.288"/>
</testsuite> <!-- Login -->
