<?xml version="1.0" encoding="UTF-8"?>
<!-- Generated by org.testng.reporters.JUnitXMLReporter -->
<testsuite ignored="0" hostname="PFTBLR-RMZ-021" failures="0" tests="2" name="Filters" time="127.701" errors="0" timestamp="29 Mar 2021 05:55:10 GMT">
  <testcase classname="com.qa.clearpc.search.FilterPageTest" name="validateAllFilterOptionsAreDisplayed" time="11.758"/>
  <testcase classname="com.qa.clearpc.search.FilterPageTest" name="validateCategoriesFilterTypeResults" time="90.904"/>
</testsuite> <!-- Filters -->
