<?xml version="1.0" encoding="UTF-8"?>
<!-- Generated by org.testng.reporters.JUnitXMLReporter -->
<testsuite ignored="1" hostname="PFTBLR-RMZ-021" failures="0" tests="1" name="Filters" time="150.813" errors="0" timestamp="22 Oct 2020 14:18:45 GMT">
  <testcase classname="com.qa.clearpc.search.FilterPageTest" name="validateCategoriesFilterTypeResults" time="125.46"/>
  <testcase classname="com.qa.clearpc.search.FilterPageTest" name="validateAllFilterOptionsAreDisplayed" time="0.0">
    <ignored/>
  </testcase> <!-- validateAllFilterOptionsAreDisplayed -->
</testsuite> <!-- Filters -->
