<?xml version="1.0" encoding="UTF-8"?>
<!-- Generated by org.testng.reporters.JUnitXMLReporter -->
<testsuite ignored="5" hostname="PFTBLR-RMZ-021" failures="0" tests="1" name="Default test" time="0.029" errors="0" timestamp="07 Oct 2020 12:18:41 GMT">
  <testcase classname="com.qa.clearpc.BaseClass.BaseClass" name="@BeforeSuite BeforesuiteSetup" time="0.0">
    <failure type="org.testng.TestNGException" message="
Parameter &amp;apos;tenant&amp;apos; is required by BeforeSuite on method BeforesuiteSetup but has not been marked @Optional or defined
in C:\Users\shilpashree.k\AppData\Local\Temp\testng-eclipse-1934758096\testng-customsuite.xml">
      <![CDATA[org.testng.TestNGException: 
Parameter 'tenant' is required by BeforeSuite on method BeforesuiteSetup but has not been marked @Optional or defined
in C:\Users\shilpashree.k\AppData\Local\Temp\testng-eclipse-1934758096\testng-customsuite.xml
	at org.testng.internal.Parameters.createParameters(Parameters.java:199)
	at org.testng.internal.Parameters.createParameters(Parameters.java:443)
	at org.testng.internal.Parameters.createConfigurationParameters(Parameters.java:118)
	at org.testng.internal.Invoker.invokeConfigurations(Invoker.java:203)
	at org.testng.internal.Invoker.invokeConfigurations(Invoker.java:144)
	at org.testng.SuiteRunner.privateRun(SuiteRunner.java:326)
	at org.testng.SuiteRunner.run(SuiteRunner.java:289)
	at org.testng.SuiteRunnerWorker.runSuite(SuiteRunnerWorker.java:52)
	at org.testng.SuiteRunnerWorker.run(SuiteRunnerWorker.java:86)
	at org.testng.TestNG.runSuitesSequentially(TestNG.java:1293)
	at org.testng.TestNG.runSuitesLocally(TestNG.java:1218)
	at org.testng.TestNG.runSuites(TestNG.java:1133)
	at org.testng.TestNG.run(TestNG.java:1104)
	at org.testng.remote.AbstractRemoteTestNG.run(AbstractRemoteTestNG.java:115)
	at org.testng.remote.RemoteTestNG.initAndRun(RemoteTestNG.java:251)
	at org.testng.remote.RemoteTestNG.main(RemoteTestNG.java:77)
]]>
    </failure>
  </testcase> <!-- @BeforeSuite BeforesuiteSetup -->
  <testcase classname="com.qa.clearpc.BaseClass.BaseClass" name="@BeforeTest initialisation" time="0.0">
    <failure type="java.lang.NullPointerException">
      <![CDATA[java.lang.NullPointerException
	at com.qa.clearpc.utility.ConfigUtils.getConfigData(ConfigUtils.java:39)
	at com.qa.clearpc.BaseClass.BaseClass.initialisation(BaseClass.java:105)
	at java.base/jdk.internal.reflect.NativeMethodAccessorImpl.invoke0(Native Method)
	at java.base/jdk.internal.reflect.NativeMethodAccessorImpl.invoke(NativeMethodAccessorImpl.java:62)
	at java.base/jdk.internal.reflect.DelegatingMethodAccessorImpl.invoke(DelegatingMethodAccessorImpl.java:43)
	at java.base/java.lang.reflect.Method.invoke(Method.java:567)
	at org.testng.internal.MethodInvocationHelper.invokeMethod(MethodInvocationHelper.java:104)
	at org.testng.internal.Invoker.invokeConfigurationMethod(Invoker.java:515)
	at org.testng.internal.Invoker.invokeConfigurations(Invoker.java:217)
	at org.testng.internal.Invoker.invokeConfigurations(Invoker.java:144)
	at org.testng.TestRunner.beforeRun(TestRunner.java:634)
	at org.testng.TestRunner.run(TestRunner.java:602)
	at org.testng.SuiteRunner.runTest(SuiteRunner.java:387)
	at org.testng.SuiteRunner.runSequentially(SuiteRunner.java:382)
	at org.testng.SuiteRunner.privateRun(SuiteRunner.java:340)
	at org.testng.SuiteRunner.run(SuiteRunner.java:289)
	at org.testng.SuiteRunnerWorker.runSuite(SuiteRunnerWorker.java:52)
	at org.testng.SuiteRunnerWorker.run(SuiteRunnerWorker.java:86)
	at org.testng.TestNG.runSuitesSequentially(TestNG.java:1293)
	at org.testng.TestNG.runSuitesLocally(TestNG.java:1218)
	at org.testng.TestNG.runSuites(TestNG.java:1133)
	at org.testng.TestNG.run(TestNG.java:1104)
	at org.testng.remote.AbstractRemoteTestNG.run(AbstractRemoteTestNG.java:115)
	at org.testng.remote.RemoteTestNG.initAndRun(RemoteTestNG.java:251)
	at org.testng.remote.RemoteTestNG.main(RemoteTestNG.java:77)
]]>
    </failure>
  </testcase> <!-- @BeforeTest initialisation -->
  <testcase classname="com.qa.clearpc.AddFolder.AddFolderTest" name="@BeforeTest SetUp" time="0.0">
    <skipped/>
  </testcase> <!-- @BeforeTest SetUp -->
  <testcase classname="com.qa.clearpc.AddFolder.AddFolderTest" name="@AfterTest tearDown" time="0.0">
    <skipped/>
  </testcase> <!-- @AfterTest tearDown -->
  <testcase classname="com.qa.clearpc.AddFolder.AddFolderTest" name="validateFieldsInAddFolderPopup" time="0.0">
    <skipped/>
  </testcase> <!-- validateFieldsInAddFolderPopup -->
  <testcase classname="com.qa.clearpc.AddFolder.AddFolderTest" name="validateEditFolderFucntionality" time="0.0">
    <ignored/>
  </testcase> <!-- validateEditFolderFucntionality -->
  <testcase classname="com.qa.clearpc.AddFolder.AddFolderTest" name="validateAddFolderPopupDisplaying" time="0.0">
    <ignored/>
  </testcase> <!-- validateAddFolderPopupDisplaying -->
  <testcase classname="com.qa.clearpc.AddFolder.AddFolderTest" name="validateAddFolderFunctionality_SaveAndCloseFunctionality" time="0.0">
    <ignored/>
  </testcase> <!-- validateAddFolderFunctionality_SaveAndCloseFunctionality -->
  <testcase classname="com.qa.clearpc.AddFolder.AddFolderTest" name="validateSaveAndAnotherFolderFunctionality" time="0.0">
    <ignored/>
  </testcase> <!-- validateSaveAndAnotherFolderFunctionality -->
  <testcase classname="com.qa.clearpc.AddFolder.AddFolderTest" name="searchNewlyCreatedFolderWithInOrganisation" time="0.0">
    <ignored/>
  </testcase> <!-- searchNewlyCreatedFolderWithInOrganisation -->
</testsuite> <!-- Default test -->
