<?xml version="1.0" encoding="UTF-8"?>
<!-- Generated by org.testng.reporters.JUnitXMLReporter -->
<testsuite hostname="Manjushree" failures="0" tests="4" name="Default test" time="212.642" errors="0" timestamp="19 Aug 2020 10:22:08 GMT">
  <testcase classname="com.qa.clearpc.search.Search_pageTest" name="ValidateSearchTipsMessageIsDispalyed" time="9.794"/>
  <testcase classname="com.qa.clearpc.search.Search_pageTest" name="performSearchWithinOrganisation" time="17.197"/>
  <testcase classname="com.qa.clearpc.search.Search_pageTest" name="validateSearchForInvalidData" time="44.866"/>
  <testcase classname="com.qa.clearpc.search.Search_pageTest" name="validateAutosuggetionsForAdvancedSearch" time="11.225"/>
</testsuite> <!-- Default test -->
