<?xml version="1.0" encoding="UTF-8"?>
<!-- Generated by org.testng.reporters.JUnitXMLReporter -->
<testsuite ignored="4" hostname="PFTBLR-RMZ-021" failures="0" tests="2" name="Action" time="66.131" errors="0" timestamp="22 Oct 2020 11:25:20 GMT">
  <testcase classname="com.qa.clearpc.Library.ActionPageTest" name="validateRenameFunctionality" time="29.583"/>
  <testcase classname="com.qa.clearpc.Library.ActionPageTest" name="validateRenamedAssetSearchResult" time="11.191"/>
  <testcase classname="com.qa.clearpc.Library.ActionPageTest" name="validateCopyFunctionality" time="0.0">
    <ignored/>
  </testcase> <!-- validateCopyFunctionality -->
  <testcase classname="com.qa.clearpc.Library.ActionPageTest" name="validateMoveFunctionality" time="0.0">
    <ignored/>
  </testcase> <!-- validateMoveFunctionality -->
  <testcase classname="com.qa.clearpc.Library.ActionPageTest" name="validateCopiedAssetInDestFolder" time="0.0">
    <ignored/>
  </testcase> <!-- validateCopiedAssetInDestFolder -->
  <testcase classname="com.qa.clearpc.Library.ActionPageTest" name="validateCopyAssetPopUpDisplayed" time="0.0">
    <ignored/>
  </testcase> <!-- validateCopyAssetPopUpDisplayed -->
</testsuite> <!-- Action -->
