<?xml version="1.0" encoding="UTF-8"?>
<!-- Generated by org.testng.reporters.JUnitXMLReporter -->
<testsuite ignored="1" hostname="PFTBLR-RMZ-021" failures="0" tests="3" name="Login" time="80.163" errors="0" timestamp="29 Mar 2021 05:48:25 GMT">
  <testcase classname="com.qa.clearpc.Login.LoginPageTest" name="ValidateloginToPortal" time="17.843"/>
  <testcase classname="com.qa.clearpc.Login.LoginPageTest" name="validateLogout" time="6.777"/>
  <testcase classname="com.qa.clearpc.Login.LoginPageTest" name="validateLoginForInvalidData" time="33.402"/>
  <testcase classname="com.qa.clearpc.Login.LoginPageTest" name="validateLogin" time="0.0">
    <ignored/>
  </testcase> <!-- validateLogin -->
</testsuite> <!-- Login -->
