<?xml version="1.0" encoding="UTF-8"?>
<!-- Generated by org.testng.reporters.JUnitXMLReporter -->
<testsuite ignored="3" hostname="PFTBLR-RMZ-021" failures="0" tests="1" name="Login" time="25.022" errors="0" timestamp="07 Oct 2020 09:29:47 GMT">
  <testcase classname="com.qa.clearpc.Login.LoginPageTest" name="ValidateloginToPortal" time="11.839"/>
  <testcase classname="com.qa.clearpc.Login.LoginPageTest" name="validateLoginForInvalidData" time="0.0">
    <ignored/>
  </testcase> <!-- validateLoginForInvalidData -->
  <testcase classname="com.qa.clearpc.Login.LoginPageTest" name="validateLogin" time="0.0">
    <ignored/>
  </testcase> <!-- validateLogin -->
  <testcase classname="com.qa.clearpc.Login.LoginPageTest" name="validateLogout" time="0.0">
    <ignored/>
  </testcase> <!-- validateLogout -->
</testsuite> <!-- Login -->
