<?xml version="1.0" encoding="UTF-8"?>
<!-- Generated by org.testng.reporters.JUnitXMLReporter -->
<testsuite ignored="4" hostname="PFTBLR-RMZ-021" failures="0" tests="1" name="ShareLink" time="77.566" errors="0" timestamp="02 Nov 2020 14:54:20 GMT">
  <testcase classname="com.qa.clearpc.shareLink.ShareLinkTest" name="validateAssetSharePopUp" time="49.266"/>
  <testcase classname="com.qa.clearpc.shareLink.ShareLinkTest" name="validateSuccessMessageaUponCopyingShareLink" time="0.0">
    <ignored/>
  </testcase> <!-- validateSuccessMessageaUponCopyingShareLink -->
  <testcase classname="com.qa.clearpc.shareLink.ShareLinkTest" name="validateSharePopUp" time="0.0">
    <ignored/>
  </testcase> <!-- validateSharePopUp -->
  <testcase classname="com.qa.clearpc.shareLink.ShareLinkTest" name="verifyAssetShareLinkFunctionality" time="0.0">
    <ignored/>
  </testcase> <!-- verifyAssetShareLinkFunctionality -->
  <testcase classname="com.qa.clearpc.shareLink.ShareLinkTest" name="validateShareFunctionality" time="0.0">
    <ignored/>
  </testcase> <!-- validateShareFunctionality -->
</testsuite> <!-- ShareLink -->
