<?xml version="1.0" encoding="UTF-8"?>
<!-- Generated by org.testng.reporters.JUnitXMLReporter -->
<testsuite ignored="3" hostname="PFTBLR-RMZ-021" failures="0" tests="2" name="ShareLink" time="137.775" errors="0" timestamp="30 Oct 2020 15:32:32 GMT">
  <testcase classname="com.qa.clearpc.shareLink.ShareLinkTest" name="verifyAssetSharePopup" time="55.335"/>
  <testcase classname="com.qa.clearpc.shareLink.ShareLinkTest" name="verifyAssetSharePopup" time="57.456"/>
  <testcase classname="com.qa.clearpc.shareLink.ShareLinkTest" name="validateSuccessMessageaUponCopyingShareLink" time="0.0">
    <ignored/>
  </testcase> <!-- validateSuccessMessageaUponCopyingShareLink -->
  <testcase classname="com.qa.clearpc.shareLink.ShareLinkTest" name="validateSharePopUp" time="0.0">
    <ignored/>
  </testcase> <!-- validateSharePopUp -->
  <testcase classname="com.qa.clearpc.shareLink.ShareLinkTest" name="validateShareFunctionality" time="0.0">
    <ignored/>
  </testcase> <!-- validateShareFunctionality -->
</testsuite> <!-- ShareLink -->
