<?xml version="1.0" encoding="UTF-8"?>
<testng-results ignored="4" total="11" passed="0" failed="0" skipped="7">
  <reporter-output>
  </reporter-output>
  <suite started-at="2020-09-15T06:30:33Z" name="Admin_V2_UAT Suite" finished-at="2020-09-15T06:30:33Z" duration-ms="0">
    <groups>
    </groups>
  </suite> <!-- Admin_V2_UAT Suite -->
  <suite started-at="2020-09-15T06:30:21Z" name="Login (0)" finished-at="2020-09-15T06:30:29Z" duration-ms="7238">
    <groups>
    </groups>
    <test started-at="2020-09-15T06:30:21Z" name="Login" finished-at="2020-09-15T06:30:29Z" duration-ms="7238">
      <class name="com.qa.clearpc.search.Search_pageTest">
        <test-method is-config="true" signature="BeforesuiteSetup(java.lang.String, java.lang.String)[pri:0, instance:com.qa.clearpc.search.Search_pageTest@58594a11]" started-at="2020-09-15T12:00:21Z" name="BeforesuiteSetup" finished-at="2020-09-15T12:00:21Z" duration-ms="742" status="PASS">
          <params>
            <param index="0">
              <value>
                <![CDATA[zAdminv2UAT]]>
              </value>
            </param>
            <param index="1">
              <value>
                <![CDATA[chrome]]>
              </value>
            </param>
          </params>
          <reporter-output>
          </reporter-output>
        </test-method> <!-- BeforesuiteSetup -->
        <test-method is-config="true" signature="initialisation()[pri:0, instance:com.qa.clearpc.search.Search_pageTest@58594a11]" started-at="2020-09-15T12:00:21Z" name="initialisation" finished-at="2020-09-15T12:00:21Z" duration-ms="15" status="PASS">
          <reporter-output>
          </reporter-output>
        </test-method> <!-- initialisation -->
        <test-method is-config="true" signature="setUp()[pri:0, instance:com.qa.clearpc.search.Search_pageTest@58594a11]" started-at="2020-09-15T12:00:21Z" name="setUp" finished-at="2020-09-15T12:00:21Z" depends-on-methods="com.qa.clearpc.BaseClass.BaseClass.initialisation" duration-ms="0" status="FAIL">
          <exception class="org.openqa.selenium.SessionNotCreatedException">
            <message>
              <![CDATA[session not created: This version of ChromeDriver only supports Chrome version 83
Build info: version: '3.141.59', revision: 'e82be7d358', time: '2018-11-14T08:17:03'
System info: host: 'MANJUSHREE', ip: '10.45.96.69', os.name: 'Windows 8.1', os.arch: 'amd64', os.version: '6.3', java.version: '11.0.6'
Driver info: driver.version: ChromeDriver
remote stacktrace: Backtrace:
	Ordinal0 [0x015C9563+2725219]
	Ordinal0 [0x014C8551+1672529]
	Ordinal0 [0x013B0359+525145]
	Ordinal0 [0x01340B77+68471]
	Ordinal0 [0x0133D32C+54060]
	Ordinal0 [0x0135CC37+183351]
	Ordinal0 [0x0135CA3D+182845]
	Ordinal0 [0x0135A94B+174411]
	Ordinal0 [0x01342528+75048]
	Ordinal0 [0x013435A0+79264]
	Ordinal0 [0x01343539+79161]
	Ordinal0 [0x014DD607+1758727]
	GetHandleVerifier [0x016E6546+1050150]
	GetHandleVerifier [0x016E6291+1049457]
	GetHandleVerifier [0x016F10D7+1094071]
	GetHandleVerifier [0x016E6B46+1051686]
	Ordinal0 [0x014D5B06+1727238]
	Ordinal0 [0x014DEB7B+1764219]
	Ordinal0 [0x014DECE3+1764579]
	Ordinal0 [0x014F4C05+1854469]
	BaseThreadInitThunk [0x77336A14+36]
	RtlInitializeExceptionChain [0x77DDAB4F+143]
	RtlInitializeExceptionChain [0x77DDAB1A+90]
]]>
            </message>
            <full-stacktrace>
              <![CDATA[org.openqa.selenium.SessionNotCreatedException: session not created: This version of ChromeDriver only supports Chrome version 83
Build info: version: '3.141.59', revision: 'e82be7d358', time: '2018-11-14T08:17:03'
System info: host: 'MANJUSHREE', ip: '10.45.96.69', os.name: 'Windows 8.1', os.arch: 'amd64', os.version: '6.3', java.version: '11.0.6'
Driver info: driver.version: ChromeDriver
remote stacktrace: Backtrace:
	Ordinal0 [0x015C9563+2725219]
	Ordinal0 [0x014C8551+1672529]
	Ordinal0 [0x013B0359+525145]
	Ordinal0 [0x01340B77+68471]
	Ordinal0 [0x0133D32C+54060]
	Ordinal0 [0x0135CC37+183351]
	Ordinal0 [0x0135CA3D+182845]
	Ordinal0 [0x0135A94B+174411]
	Ordinal0 [0x01342528+75048]
	Ordinal0 [0x013435A0+79264]
	Ordinal0 [0x01343539+79161]
	Ordinal0 [0x014DD607+1758727]
	GetHandleVerifier [0x016E6546+1050150]
	GetHandleVerifier [0x016E6291+1049457]
	GetHandleVerifier [0x016F10D7+1094071]
	GetHandleVerifier [0x016E6B46+1051686]
	Ordinal0 [0x014D5B06+1727238]
	Ordinal0 [0x014DEB7B+1764219]
	Ordinal0 [0x014DECE3+1764579]
	Ordinal0 [0x014F4C05+1854469]
	BaseThreadInitThunk [0x77336A14+36]
	RtlInitializeExceptionChain [0x77DDAB4F+143]
	RtlInitializeExceptionChain [0x77DDAB1A+90]

	at java.base/jdk.internal.reflect.NativeConstructorAccessorImpl.newInstance0(Native Method)
	at java.base/jdk.internal.reflect.NativeConstructorAccessorImpl.newInstance(NativeConstructorAccessorImpl.java:62)
	at java.base/jdk.internal.reflect.DelegatingConstructorAccessorImpl.newInstance(DelegatingConstructorAccessorImpl.java:45)
	at java.base/java.lang.reflect.Constructor.newInstance(Constructor.java:490)
	at org.openqa.selenium.remote.W3CHandshakeResponse.lambda$errorHandler$0(W3CHandshakeResponse.java:62)
	at org.openqa.selenium.remote.HandshakeResponse.lambda$getResponseFunction$0(HandshakeResponse.java:30)
	at org.openqa.selenium.remote.ProtocolHandshake.lambda$createSession$0(ProtocolHandshake.java:126)
	at java.base/java.util.stream.ReferencePipeline$3$1.accept(ReferencePipeline.java:195)
	at java.base/java.util.Spliterators$ArraySpliterator.tryAdvance(Spliterators.java:958)
	at java.base/java.util.stream.ReferencePipeline.forEachWithCancel(ReferencePipeline.java:127)
	at java.base/java.util.stream.AbstractPipeline.copyIntoWithCancel(AbstractPipeline.java:502)
	at java.base/java.util.stream.AbstractPipeline.copyInto(AbstractPipeline.java:488)
	at java.base/java.util.stream.AbstractPipeline.wrapAndCopyInto(AbstractPipeline.java:474)
	at java.base/java.util.stream.FindOps$FindOp.evaluateSequential(FindOps.java:150)
	at java.base/java.util.stream.AbstractPipeline.evaluate(AbstractPipeline.java:234)
	at java.base/java.util.stream.ReferencePipeline.findFirst(ReferencePipeline.java:543)
	at org.openqa.selenium.remote.ProtocolHandshake.createSession(ProtocolHandshake.java:128)
	at org.openqa.selenium.remote.ProtocolHandshake.createSession(ProtocolHandshake.java:74)
	at org.openqa.selenium.remote.HttpCommandExecutor.execute(HttpCommandExecutor.java:136)
	at org.openqa.selenium.remote.service.DriverCommandExecutor.execute(DriverCommandExecutor.java:83)
	at org.openqa.selenium.remote.RemoteWebDriver.execute(RemoteWebDriver.java:552)
	at org.openqa.selenium.remote.RemoteWebDriver.startSession(RemoteWebDriver.java:213)
	at org.openqa.selenium.remote.RemoteWebDriver.<init>(RemoteWebDriver.java:131)
	at org.openqa.selenium.chrome.ChromeDriver.<init>(ChromeDriver.java:181)
	at org.openqa.selenium.chrome.ChromeDriver.<init>(ChromeDriver.java:168)
	at org.openqa.selenium.chrome.ChromeDriver.<init>(ChromeDriver.java:157)
	at com.qa.clearpc.BaseClass.BaseClass.loadPortal(BaseClass.java:175)
	at com.qa.clearpc.search.Search_pageTest.setUp(Search_pageTest.java:26)
	at java.base/jdk.internal.reflect.NativeMethodAccessorImpl.invoke0(Native Method)
	at java.base/jdk.internal.reflect.NativeMethodAccessorImpl.invoke(NativeMethodAccessorImpl.java:62)
	at java.base/jdk.internal.reflect.DelegatingMethodAccessorImpl.invoke(DelegatingMethodAccessorImpl.java:43)
	at java.base/java.lang.reflect.Method.invoke(Method.java:566)
	at org.testng.internal.MethodInvocationHelper.invokeMethod(MethodInvocationHelper.java:104)
	at org.testng.internal.Invoker.invokeConfigurationMethod(Invoker.java:515)
	at org.testng.internal.Invoker.invokeConfigurations(Invoker.java:217)
	at org.testng.internal.Invoker.invokeConfigurations(Invoker.java:144)
	at org.testng.TestRunner.beforeRun(TestRunner.java:634)
	at org.testng.TestRunner.run(TestRunner.java:602)
	at org.testng.SuiteRunner.runTest(SuiteRunner.java:387)
	at org.testng.SuiteRunner.runSequentially(SuiteRunner.java:382)
	at org.testng.SuiteRunner.privateRun(SuiteRunner.java:340)
	at org.testng.SuiteRunner.run(SuiteRunner.java:289)
	at org.testng.SuiteRunnerWorker.runSuite(SuiteRunnerWorker.java:52)
	at org.testng.SuiteRunnerWorker.run(SuiteRunnerWorker.java:86)
	at org.testng.TestNG.runSuitesSequentially(TestNG.java:1293)
	at org.testng.TestNG.runSuitesSequentially(TestNG.java:1289)
	at org.testng.TestNG.runSuitesLocally(TestNG.java:1218)
	at org.testng.TestNG.runSuites(TestNG.java:1133)
	at org.testng.TestNG.run(TestNG.java:1104)
	at org.testng.remote.AbstractRemoteTestNG.run(AbstractRemoteTestNG.java:115)
	at org.testng.remote.RemoteTestNG.initAndRun(RemoteTestNG.java:251)
	at org.testng.remote.RemoteTestNG.main(RemoteTestNG.java:77)
]]>
            </full-stacktrace>
          </exception> <!-- org.openqa.selenium.SessionNotCreatedException -->
          <reporter-output>
          </reporter-output>
        </test-method> <!-- setUp -->
        <test-method signature="ValidateSearchTipsMessageIsDispalyed()[pri:0, instance:com.qa.clearpc.search.Search_pageTest@58594a11]" started-at="2020-09-15T12:00:29Z" name="ValidateSearchTipsMessageIsDispalyed" finished-at="2020-09-15T12:00:29Z" duration-ms="52" status="SKIP">
          <exception class="org.openqa.selenium.SessionNotCreatedException">
            <message>
              <![CDATA[session not created: This version of ChromeDriver only supports Chrome version 83
Build info: version: '3.141.59', revision: 'e82be7d358', time: '2018-11-14T08:17:03'
System info: host: 'MANJUSHREE', ip: '10.45.96.69', os.name: 'Windows 8.1', os.arch: 'amd64', os.version: '6.3', java.version: '11.0.6'
Driver info: driver.version: ChromeDriver
remote stacktrace: Backtrace:
	Ordinal0 [0x015C9563+2725219]
	Ordinal0 [0x014C8551+1672529]
	Ordinal0 [0x013B0359+525145]
	Ordinal0 [0x01340B77+68471]
	Ordinal0 [0x0133D32C+54060]
	Ordinal0 [0x0135CC37+183351]
	Ordinal0 [0x0135CA3D+182845]
	Ordinal0 [0x0135A94B+174411]
	Ordinal0 [0x01342528+75048]
	Ordinal0 [0x013435A0+79264]
	Ordinal0 [0x01343539+79161]
	Ordinal0 [0x014DD607+1758727]
	GetHandleVerifier [0x016E6546+1050150]
	GetHandleVerifier [0x016E6291+1049457]
	GetHandleVerifier [0x016F10D7+1094071]
	GetHandleVerifier [0x016E6B46+1051686]
	Ordinal0 [0x014D5B06+1727238]
	Ordinal0 [0x014DEB7B+1764219]
	Ordinal0 [0x014DECE3+1764579]
	Ordinal0 [0x014F4C05+1854469]
	BaseThreadInitThunk [0x77336A14+36]
	RtlInitializeExceptionChain [0x77DDAB4F+143]
	RtlInitializeExceptionChain [0x77DDAB1A+90]
]]>
            </message>
            <full-stacktrace>
              <![CDATA[org.openqa.selenium.SessionNotCreatedException: session not created: This version of ChromeDriver only supports Chrome version 83
Build info: version: '3.141.59', revision: 'e82be7d358', time: '2018-11-14T08:17:03'
System info: host: 'MANJUSHREE', ip: '10.45.96.69', os.name: 'Windows 8.1', os.arch: 'amd64', os.version: '6.3', java.version: '11.0.6'
Driver info: driver.version: ChromeDriver
remote stacktrace: Backtrace:
	Ordinal0 [0x015C9563+2725219]
	Ordinal0 [0x014C8551+1672529]
	Ordinal0 [0x013B0359+525145]
	Ordinal0 [0x01340B77+68471]
	Ordinal0 [0x0133D32C+54060]
	Ordinal0 [0x0135CC37+183351]
	Ordinal0 [0x0135CA3D+182845]
	Ordinal0 [0x0135A94B+174411]
	Ordinal0 [0x01342528+75048]
	Ordinal0 [0x013435A0+79264]
	Ordinal0 [0x01343539+79161]
	Ordinal0 [0x014DD607+1758727]
	GetHandleVerifier [0x016E6546+1050150]
	GetHandleVerifier [0x016E6291+1049457]
	GetHandleVerifier [0x016F10D7+1094071]
	GetHandleVerifier [0x016E6B46+1051686]
	Ordinal0 [0x014D5B06+1727238]
	Ordinal0 [0x014DEB7B+1764219]
	Ordinal0 [0x014DECE3+1764579]
	Ordinal0 [0x014F4C05+1854469]
	BaseThreadInitThunk [0x77336A14+36]
	RtlInitializeExceptionChain [0x77DDAB4F+143]
	RtlInitializeExceptionChain [0x77DDAB1A+90]

	at java.base/jdk.internal.reflect.NativeConstructorAccessorImpl.newInstance0(Native Method)
	at java.base/jdk.internal.reflect.NativeConstructorAccessorImpl.newInstance(NativeConstructorAccessorImpl.java:62)
	at java.base/jdk.internal.reflect.DelegatingConstructorAccessorImpl.newInstance(DelegatingConstructorAccessorImpl.java:45)
	at java.base/java.lang.reflect.Constructor.newInstance(Constructor.java:490)
	at org.openqa.selenium.remote.W3CHandshakeResponse.lambda$errorHandler$0(W3CHandshakeResponse.java:62)
	at org.openqa.selenium.remote.HandshakeResponse.lambda$getResponseFunction$0(HandshakeResponse.java:30)
	at org.openqa.selenium.remote.ProtocolHandshake.lambda$createSession$0(ProtocolHandshake.java:126)
	at java.base/java.util.stream.ReferencePipeline$3$1.accept(ReferencePipeline.java:195)
	at java.base/java.util.Spliterators$ArraySpliterator.tryAdvance(Spliterators.java:958)
	at java.base/java.util.stream.ReferencePipeline.forEachWithCancel(ReferencePipeline.java:127)
	at java.base/java.util.stream.AbstractPipeline.copyIntoWithCancel(AbstractPipeline.java:502)
	at java.base/java.util.stream.AbstractPipeline.copyInto(AbstractPipeline.java:488)
	at java.base/java.util.stream.AbstractPipeline.wrapAndCopyInto(AbstractPipeline.java:474)
	at java.base/java.util.stream.FindOps$FindOp.evaluateSequential(FindOps.java:150)
	at java.base/java.util.stream.AbstractPipeline.evaluate(AbstractPipeline.java:234)
	at java.base/java.util.stream.ReferencePipeline.findFirst(ReferencePipeline.java:543)
	at org.openqa.selenium.remote.ProtocolHandshake.createSession(ProtocolHandshake.java:128)
	at org.openqa.selenium.remote.ProtocolHandshake.createSession(ProtocolHandshake.java:74)
	at org.openqa.selenium.remote.HttpCommandExecutor.execute(HttpCommandExecutor.java:136)
	at org.openqa.selenium.remote.service.DriverCommandExecutor.execute(DriverCommandExecutor.java:83)
	at org.openqa.selenium.remote.RemoteWebDriver.execute(RemoteWebDriver.java:552)
	at org.openqa.selenium.remote.RemoteWebDriver.startSession(RemoteWebDriver.java:213)
	at org.openqa.selenium.remote.RemoteWebDriver.<init>(RemoteWebDriver.java:131)
	at org.openqa.selenium.chrome.ChromeDriver.<init>(ChromeDriver.java:181)
	at org.openqa.selenium.chrome.ChromeDriver.<init>(ChromeDriver.java:168)
	at org.openqa.selenium.chrome.ChromeDriver.<init>(ChromeDriver.java:157)
	at com.qa.clearpc.BaseClass.BaseClass.loadPortal(BaseClass.java:175)
	at com.qa.clearpc.search.Search_pageTest.setUp(Search_pageTest.java:26)
	at java.base/jdk.internal.reflect.NativeMethodAccessorImpl.invoke0(Native Method)
	at java.base/jdk.internal.reflect.NativeMethodAccessorImpl.invoke(NativeMethodAccessorImpl.java:62)
	at java.base/jdk.internal.reflect.DelegatingMethodAccessorImpl.invoke(DelegatingMethodAccessorImpl.java:43)
	at java.base/java.lang.reflect.Method.invoke(Method.java:566)
	at org.testng.internal.MethodInvocationHelper.invokeMethod(MethodInvocationHelper.java:104)
	at org.testng.internal.Invoker.invokeConfigurationMethod(Invoker.java:515)
	at org.testng.internal.Invoker.invokeConfigurations(Invoker.java:217)
	at org.testng.internal.Invoker.invokeConfigurations(Invoker.java:144)
	at org.testng.TestRunner.beforeRun(TestRunner.java:634)
	at org.testng.TestRunner.run(TestRunner.java:602)
	at org.testng.SuiteRunner.runTest(SuiteRunner.java:387)
	at org.testng.SuiteRunner.runSequentially(SuiteRunner.java:382)
	at org.testng.SuiteRunner.privateRun(SuiteRunner.java:340)
	at org.testng.SuiteRunner.run(SuiteRunner.java:289)
	at org.testng.SuiteRunnerWorker.runSuite(SuiteRunnerWorker.java:52)
	at org.testng.SuiteRunnerWorker.run(SuiteRunnerWorker.java:86)
	at org.testng.TestNG.runSuitesSequentially(TestNG.java:1293)
	at org.testng.TestNG.runSuitesSequentially(TestNG.java:1289)
	at org.testng.TestNG.runSuitesLocally(TestNG.java:1218)
	at org.testng.TestNG.runSuites(TestNG.java:1133)
	at org.testng.TestNG.run(TestNG.java:1104)
	at org.testng.remote.AbstractRemoteTestNG.run(AbstractRemoteTestNG.java:115)
	at org.testng.remote.RemoteTestNG.initAndRun(RemoteTestNG.java:251)
	at org.testng.remote.RemoteTestNG.main(RemoteTestNG.java:77)
]]>
            </full-stacktrace>
          </exception> <!-- org.openqa.selenium.SessionNotCreatedException -->
          <reporter-output>
          </reporter-output>
        </test-method> <!-- ValidateSearchTipsMessageIsDispalyed -->
        <test-method signature="performSearchWithinOrganisation()[pri:1, instance:com.qa.clearpc.search.Search_pageTest@58594a11]" started-at="2020-09-15T12:00:29Z" name="performSearchWithinOrganisation" finished-at="2020-09-15T12:00:29Z" duration-ms="1" status="SKIP">
          <exception class="org.openqa.selenium.SessionNotCreatedException">
            <message>
              <![CDATA[session not created: This version of ChromeDriver only supports Chrome version 83
Build info: version: '3.141.59', revision: 'e82be7d358', time: '2018-11-14T08:17:03'
System info: host: 'MANJUSHREE', ip: '10.45.96.69', os.name: 'Windows 8.1', os.arch: 'amd64', os.version: '6.3', java.version: '11.0.6'
Driver info: driver.version: ChromeDriver
remote stacktrace: Backtrace:
	Ordinal0 [0x015C9563+2725219]
	Ordinal0 [0x014C8551+1672529]
	Ordinal0 [0x013B0359+525145]
	Ordinal0 [0x01340B77+68471]
	Ordinal0 [0x0133D32C+54060]
	Ordinal0 [0x0135CC37+183351]
	Ordinal0 [0x0135CA3D+182845]
	Ordinal0 [0x0135A94B+174411]
	Ordinal0 [0x01342528+75048]
	Ordinal0 [0x013435A0+79264]
	Ordinal0 [0x01343539+79161]
	Ordinal0 [0x014DD607+1758727]
	GetHandleVerifier [0x016E6546+1050150]
	GetHandleVerifier [0x016E6291+1049457]
	GetHandleVerifier [0x016F10D7+1094071]
	GetHandleVerifier [0x016E6B46+1051686]
	Ordinal0 [0x014D5B06+1727238]
	Ordinal0 [0x014DEB7B+1764219]
	Ordinal0 [0x014DECE3+1764579]
	Ordinal0 [0x014F4C05+1854469]
	BaseThreadInitThunk [0x77336A14+36]
	RtlInitializeExceptionChain [0x77DDAB4F+143]
	RtlInitializeExceptionChain [0x77DDAB1A+90]
]]>
            </message>
            <full-stacktrace>
              <![CDATA[org.openqa.selenium.SessionNotCreatedException: session not created: This version of ChromeDriver only supports Chrome version 83
Build info: version: '3.141.59', revision: 'e82be7d358', time: '2018-11-14T08:17:03'
System info: host: 'MANJUSHREE', ip: '10.45.96.69', os.name: 'Windows 8.1', os.arch: 'amd64', os.version: '6.3', java.version: '11.0.6'
Driver info: driver.version: ChromeDriver
remote stacktrace: Backtrace:
	Ordinal0 [0x015C9563+2725219]
	Ordinal0 [0x014C8551+1672529]
	Ordinal0 [0x013B0359+525145]
	Ordinal0 [0x01340B77+68471]
	Ordinal0 [0x0133D32C+54060]
	Ordinal0 [0x0135CC37+183351]
	Ordinal0 [0x0135CA3D+182845]
	Ordinal0 [0x0135A94B+174411]
	Ordinal0 [0x01342528+75048]
	Ordinal0 [0x013435A0+79264]
	Ordinal0 [0x01343539+79161]
	Ordinal0 [0x014DD607+1758727]
	GetHandleVerifier [0x016E6546+1050150]
	GetHandleVerifier [0x016E6291+1049457]
	GetHandleVerifier [0x016F10D7+1094071]
	GetHandleVerifier [0x016E6B46+1051686]
	Ordinal0 [0x014D5B06+1727238]
	Ordinal0 [0x014DEB7B+1764219]
	Ordinal0 [0x014DECE3+1764579]
	Ordinal0 [0x014F4C05+1854469]
	BaseThreadInitThunk [0x77336A14+36]
	RtlInitializeExceptionChain [0x77DDAB4F+143]
	RtlInitializeExceptionChain [0x77DDAB1A+90]

	at java.base/jdk.internal.reflect.NativeConstructorAccessorImpl.newInstance0(Native Method)
	at java.base/jdk.internal.reflect.NativeConstructorAccessorImpl.newInstance(NativeConstructorAccessorImpl.java:62)
	at java.base/jdk.internal.reflect.DelegatingConstructorAccessorImpl.newInstance(DelegatingConstructorAccessorImpl.java:45)
	at java.base/java.lang.reflect.Constructor.newInstance(Constructor.java:490)
	at org.openqa.selenium.remote.W3CHandshakeResponse.lambda$errorHandler$0(W3CHandshakeResponse.java:62)
	at org.openqa.selenium.remote.HandshakeResponse.lambda$getResponseFunction$0(HandshakeResponse.java:30)
	at org.openqa.selenium.remote.ProtocolHandshake.lambda$createSession$0(ProtocolHandshake.java:126)
	at java.base/java.util.stream.ReferencePipeline$3$1.accept(ReferencePipeline.java:195)
	at java.base/java.util.Spliterators$ArraySpliterator.tryAdvance(Spliterators.java:958)
	at java.base/java.util.stream.ReferencePipeline.forEachWithCancel(ReferencePipeline.java:127)
	at java.base/java.util.stream.AbstractPipeline.copyIntoWithCancel(AbstractPipeline.java:502)
	at java.base/java.util.stream.AbstractPipeline.copyInto(AbstractPipeline.java:488)
	at java.base/java.util.stream.AbstractPipeline.wrapAndCopyInto(AbstractPipeline.java:474)
	at java.base/java.util.stream.FindOps$FindOp.evaluateSequential(FindOps.java:150)
	at java.base/java.util.stream.AbstractPipeline.evaluate(AbstractPipeline.java:234)
	at java.base/java.util.stream.ReferencePipeline.findFirst(ReferencePipeline.java:543)
	at org.openqa.selenium.remote.ProtocolHandshake.createSession(ProtocolHandshake.java:128)
	at org.openqa.selenium.remote.ProtocolHandshake.createSession(ProtocolHandshake.java:74)
	at org.openqa.selenium.remote.HttpCommandExecutor.execute(HttpCommandExecutor.java:136)
	at org.openqa.selenium.remote.service.DriverCommandExecutor.execute(DriverCommandExecutor.java:83)
	at org.openqa.selenium.remote.RemoteWebDriver.execute(RemoteWebDriver.java:552)
	at org.openqa.selenium.remote.RemoteWebDriver.startSession(RemoteWebDriver.java:213)
	at org.openqa.selenium.remote.RemoteWebDriver.<init>(RemoteWebDriver.java:131)
	at org.openqa.selenium.chrome.ChromeDriver.<init>(ChromeDriver.java:181)
	at org.openqa.selenium.chrome.ChromeDriver.<init>(ChromeDriver.java:168)
	at org.openqa.selenium.chrome.ChromeDriver.<init>(ChromeDriver.java:157)
	at com.qa.clearpc.BaseClass.BaseClass.loadPortal(BaseClass.java:175)
	at com.qa.clearpc.search.Search_pageTest.setUp(Search_pageTest.java:26)
	at java.base/jdk.internal.reflect.NativeMethodAccessorImpl.invoke0(Native Method)
	at java.base/jdk.internal.reflect.NativeMethodAccessorImpl.invoke(NativeMethodAccessorImpl.java:62)
	at java.base/jdk.internal.reflect.DelegatingMethodAccessorImpl.invoke(DelegatingMethodAccessorImpl.java:43)
	at java.base/java.lang.reflect.Method.invoke(Method.java:566)
	at org.testng.internal.MethodInvocationHelper.invokeMethod(MethodInvocationHelper.java:104)
	at org.testng.internal.Invoker.invokeConfigurationMethod(Invoker.java:515)
	at org.testng.internal.Invoker.invokeConfigurations(Invoker.java:217)
	at org.testng.internal.Invoker.invokeConfigurations(Invoker.java:144)
	at org.testng.TestRunner.beforeRun(TestRunner.java:634)
	at org.testng.TestRunner.run(TestRunner.java:602)
	at org.testng.SuiteRunner.runTest(SuiteRunner.java:387)
	at org.testng.SuiteRunner.runSequentially(SuiteRunner.java:382)
	at org.testng.SuiteRunner.privateRun(SuiteRunner.java:340)
	at org.testng.SuiteRunner.run(SuiteRunner.java:289)
	at org.testng.SuiteRunnerWorker.runSuite(SuiteRunnerWorker.java:52)
	at org.testng.SuiteRunnerWorker.run(SuiteRunnerWorker.java:86)
	at org.testng.TestNG.runSuitesSequentially(TestNG.java:1293)
	at org.testng.TestNG.runSuitesSequentially(TestNG.java:1289)
	at org.testng.TestNG.runSuitesLocally(TestNG.java:1218)
	at org.testng.TestNG.runSuites(TestNG.java:1133)
	at org.testng.TestNG.run(TestNG.java:1104)
	at org.testng.remote.AbstractRemoteTestNG.run(AbstractRemoteTestNG.java:115)
	at org.testng.remote.RemoteTestNG.initAndRun(RemoteTestNG.java:251)
	at org.testng.remote.RemoteTestNG.main(RemoteTestNG.java:77)
]]>
            </full-stacktrace>
          </exception> <!-- org.openqa.selenium.SessionNotCreatedException -->
          <reporter-output>
          </reporter-output>
        </test-method> <!-- performSearchWithinOrganisation -->
        <test-method signature="validateSearchForInvalidData()[pri:2, instance:com.qa.clearpc.search.Search_pageTest@58594a11]" started-at="2020-09-15T12:00:29Z" name="validateSearchForInvalidData" finished-at="2020-09-15T12:00:29Z" duration-ms="3" status="SKIP">
          <exception class="org.openqa.selenium.SessionNotCreatedException">
            <message>
              <![CDATA[session not created: This version of ChromeDriver only supports Chrome version 83
Build info: version: '3.141.59', revision: 'e82be7d358', time: '2018-11-14T08:17:03'
System info: host: 'MANJUSHREE', ip: '10.45.96.69', os.name: 'Windows 8.1', os.arch: 'amd64', os.version: '6.3', java.version: '11.0.6'
Driver info: driver.version: ChromeDriver
remote stacktrace: Backtrace:
	Ordinal0 [0x015C9563+2725219]
	Ordinal0 [0x014C8551+1672529]
	Ordinal0 [0x013B0359+525145]
	Ordinal0 [0x01340B77+68471]
	Ordinal0 [0x0133D32C+54060]
	Ordinal0 [0x0135CC37+183351]
	Ordinal0 [0x0135CA3D+182845]
	Ordinal0 [0x0135A94B+174411]
	Ordinal0 [0x01342528+75048]
	Ordinal0 [0x013435A0+79264]
	Ordinal0 [0x01343539+79161]
	Ordinal0 [0x014DD607+1758727]
	GetHandleVerifier [0x016E6546+1050150]
	GetHandleVerifier [0x016E6291+1049457]
	GetHandleVerifier [0x016F10D7+1094071]
	GetHandleVerifier [0x016E6B46+1051686]
	Ordinal0 [0x014D5B06+1727238]
	Ordinal0 [0x014DEB7B+1764219]
	Ordinal0 [0x014DECE3+1764579]
	Ordinal0 [0x014F4C05+1854469]
	BaseThreadInitThunk [0x77336A14+36]
	RtlInitializeExceptionChain [0x77DDAB4F+143]
	RtlInitializeExceptionChain [0x77DDAB1A+90]
]]>
            </message>
            <full-stacktrace>
              <![CDATA[org.openqa.selenium.SessionNotCreatedException: session not created: This version of ChromeDriver only supports Chrome version 83
Build info: version: '3.141.59', revision: 'e82be7d358', time: '2018-11-14T08:17:03'
System info: host: 'MANJUSHREE', ip: '10.45.96.69', os.name: 'Windows 8.1', os.arch: 'amd64', os.version: '6.3', java.version: '11.0.6'
Driver info: driver.version: ChromeDriver
remote stacktrace: Backtrace:
	Ordinal0 [0x015C9563+2725219]
	Ordinal0 [0x014C8551+1672529]
	Ordinal0 [0x013B0359+525145]
	Ordinal0 [0x01340B77+68471]
	Ordinal0 [0x0133D32C+54060]
	Ordinal0 [0x0135CC37+183351]
	Ordinal0 [0x0135CA3D+182845]
	Ordinal0 [0x0135A94B+174411]
	Ordinal0 [0x01342528+75048]
	Ordinal0 [0x013435A0+79264]
	Ordinal0 [0x01343539+79161]
	Ordinal0 [0x014DD607+1758727]
	GetHandleVerifier [0x016E6546+1050150]
	GetHandleVerifier [0x016E6291+1049457]
	GetHandleVerifier [0x016F10D7+1094071]
	GetHandleVerifier [0x016E6B46+1051686]
	Ordinal0 [0x014D5B06+1727238]
	Ordinal0 [0x014DEB7B+1764219]
	Ordinal0 [0x014DECE3+1764579]
	Ordinal0 [0x014F4C05+1854469]
	BaseThreadInitThunk [0x77336A14+36]
	RtlInitializeExceptionChain [0x77DDAB4F+143]
	RtlInitializeExceptionChain [0x77DDAB1A+90]

	at java.base/jdk.internal.reflect.NativeConstructorAccessorImpl.newInstance0(Native Method)
	at java.base/jdk.internal.reflect.NativeConstructorAccessorImpl.newInstance(NativeConstructorAccessorImpl.java:62)
	at java.base/jdk.internal.reflect.DelegatingConstructorAccessorImpl.newInstance(DelegatingConstructorAccessorImpl.java:45)
	at java.base/java.lang.reflect.Constructor.newInstance(Constructor.java:490)
	at org.openqa.selenium.remote.W3CHandshakeResponse.lambda$errorHandler$0(W3CHandshakeResponse.java:62)
	at org.openqa.selenium.remote.HandshakeResponse.lambda$getResponseFunction$0(HandshakeResponse.java:30)
	at org.openqa.selenium.remote.ProtocolHandshake.lambda$createSession$0(ProtocolHandshake.java:126)
	at java.base/java.util.stream.ReferencePipeline$3$1.accept(ReferencePipeline.java:195)
	at java.base/java.util.Spliterators$ArraySpliterator.tryAdvance(Spliterators.java:958)
	at java.base/java.util.stream.ReferencePipeline.forEachWithCancel(ReferencePipeline.java:127)
	at java.base/java.util.stream.AbstractPipeline.copyIntoWithCancel(AbstractPipeline.java:502)
	at java.base/java.util.stream.AbstractPipeline.copyInto(AbstractPipeline.java:488)
	at java.base/java.util.stream.AbstractPipeline.wrapAndCopyInto(AbstractPipeline.java:474)
	at java.base/java.util.stream.FindOps$FindOp.evaluateSequential(FindOps.java:150)
	at java.base/java.util.stream.AbstractPipeline.evaluate(AbstractPipeline.java:234)
	at java.base/java.util.stream.ReferencePipeline.findFirst(ReferencePipeline.java:543)
	at org.openqa.selenium.remote.ProtocolHandshake.createSession(ProtocolHandshake.java:128)
	at org.openqa.selenium.remote.ProtocolHandshake.createSession(ProtocolHandshake.java:74)
	at org.openqa.selenium.remote.HttpCommandExecutor.execute(HttpCommandExecutor.java:136)
	at org.openqa.selenium.remote.service.DriverCommandExecutor.execute(DriverCommandExecutor.java:83)
	at org.openqa.selenium.remote.RemoteWebDriver.execute(RemoteWebDriver.java:552)
	at org.openqa.selenium.remote.RemoteWebDriver.startSession(RemoteWebDriver.java:213)
	at org.openqa.selenium.remote.RemoteWebDriver.<init>(RemoteWebDriver.java:131)
	at org.openqa.selenium.chrome.ChromeDriver.<init>(ChromeDriver.java:181)
	at org.openqa.selenium.chrome.ChromeDriver.<init>(ChromeDriver.java:168)
	at org.openqa.selenium.chrome.ChromeDriver.<init>(ChromeDriver.java:157)
	at com.qa.clearpc.BaseClass.BaseClass.loadPortal(BaseClass.java:175)
	at com.qa.clearpc.search.Search_pageTest.setUp(Search_pageTest.java:26)
	at java.base/jdk.internal.reflect.NativeMethodAccessorImpl.invoke0(Native Method)
	at java.base/jdk.internal.reflect.NativeMethodAccessorImpl.invoke(NativeMethodAccessorImpl.java:62)
	at java.base/jdk.internal.reflect.DelegatingMethodAccessorImpl.invoke(DelegatingMethodAccessorImpl.java:43)
	at java.base/java.lang.reflect.Method.invoke(Method.java:566)
	at org.testng.internal.MethodInvocationHelper.invokeMethod(MethodInvocationHelper.java:104)
	at org.testng.internal.Invoker.invokeConfigurationMethod(Invoker.java:515)
	at org.testng.internal.Invoker.invokeConfigurations(Invoker.java:217)
	at org.testng.internal.Invoker.invokeConfigurations(Invoker.java:144)
	at org.testng.TestRunner.beforeRun(TestRunner.java:634)
	at org.testng.TestRunner.run(TestRunner.java:602)
	at org.testng.SuiteRunner.runTest(SuiteRunner.java:387)
	at org.testng.SuiteRunner.runSequentially(SuiteRunner.java:382)
	at org.testng.SuiteRunner.privateRun(SuiteRunner.java:340)
	at org.testng.SuiteRunner.run(SuiteRunner.java:289)
	at org.testng.SuiteRunnerWorker.runSuite(SuiteRunnerWorker.java:52)
	at org.testng.SuiteRunnerWorker.run(SuiteRunnerWorker.java:86)
	at org.testng.TestNG.runSuitesSequentially(TestNG.java:1293)
	at org.testng.TestNG.runSuitesSequentially(TestNG.java:1289)
	at org.testng.TestNG.runSuitesLocally(TestNG.java:1218)
	at org.testng.TestNG.runSuites(TestNG.java:1133)
	at org.testng.TestNG.run(TestNG.java:1104)
	at org.testng.remote.AbstractRemoteTestNG.run(AbstractRemoteTestNG.java:115)
	at org.testng.remote.RemoteTestNG.initAndRun(RemoteTestNG.java:251)
	at org.testng.remote.RemoteTestNG.main(RemoteTestNG.java:77)
]]>
            </full-stacktrace>
          </exception> <!-- org.openqa.selenium.SessionNotCreatedException -->
          <reporter-output>
          </reporter-output>
        </test-method> <!-- validateSearchForInvalidData -->
        <test-method signature="validateAutosuggetionsForAdvancedSearch()[pri:3, instance:com.qa.clearpc.search.Search_pageTest@58594a11]" started-at="2020-09-15T12:00:29Z" name="validateAutosuggetionsForAdvancedSearch" finished-at="2020-09-15T12:00:29Z" duration-ms="3" status="SKIP">
          <exception class="org.openqa.selenium.SessionNotCreatedException">
            <message>
              <![CDATA[session not created: This version of ChromeDriver only supports Chrome version 83
Build info: version: '3.141.59', revision: 'e82be7d358', time: '2018-11-14T08:17:03'
System info: host: 'MANJUSHREE', ip: '10.45.96.69', os.name: 'Windows 8.1', os.arch: 'amd64', os.version: '6.3', java.version: '11.0.6'
Driver info: driver.version: ChromeDriver
remote stacktrace: Backtrace:
	Ordinal0 [0x015C9563+2725219]
	Ordinal0 [0x014C8551+1672529]
	Ordinal0 [0x013B0359+525145]
	Ordinal0 [0x01340B77+68471]
	Ordinal0 [0x0133D32C+54060]
	Ordinal0 [0x0135CC37+183351]
	Ordinal0 [0x0135CA3D+182845]
	Ordinal0 [0x0135A94B+174411]
	Ordinal0 [0x01342528+75048]
	Ordinal0 [0x013435A0+79264]
	Ordinal0 [0x01343539+79161]
	Ordinal0 [0x014DD607+1758727]
	GetHandleVerifier [0x016E6546+1050150]
	GetHandleVerifier [0x016E6291+1049457]
	GetHandleVerifier [0x016F10D7+1094071]
	GetHandleVerifier [0x016E6B46+1051686]
	Ordinal0 [0x014D5B06+1727238]
	Ordinal0 [0x014DEB7B+1764219]
	Ordinal0 [0x014DECE3+1764579]
	Ordinal0 [0x014F4C05+1854469]
	BaseThreadInitThunk [0x77336A14+36]
	RtlInitializeExceptionChain [0x77DDAB4F+143]
	RtlInitializeExceptionChain [0x77DDAB1A+90]
]]>
            </message>
            <full-stacktrace>
              <![CDATA[org.openqa.selenium.SessionNotCreatedException: session not created: This version of ChromeDriver only supports Chrome version 83
Build info: version: '3.141.59', revision: 'e82be7d358', time: '2018-11-14T08:17:03'
System info: host: 'MANJUSHREE', ip: '10.45.96.69', os.name: 'Windows 8.1', os.arch: 'amd64', os.version: '6.3', java.version: '11.0.6'
Driver info: driver.version: ChromeDriver
remote stacktrace: Backtrace:
	Ordinal0 [0x015C9563+2725219]
	Ordinal0 [0x014C8551+1672529]
	Ordinal0 [0x013B0359+525145]
	Ordinal0 [0x01340B77+68471]
	Ordinal0 [0x0133D32C+54060]
	Ordinal0 [0x0135CC37+183351]
	Ordinal0 [0x0135CA3D+182845]
	Ordinal0 [0x0135A94B+174411]
	Ordinal0 [0x01342528+75048]
	Ordinal0 [0x013435A0+79264]
	Ordinal0 [0x01343539+79161]
	Ordinal0 [0x014DD607+1758727]
	GetHandleVerifier [0x016E6546+1050150]
	GetHandleVerifier [0x016E6291+1049457]
	GetHandleVerifier [0x016F10D7+1094071]
	GetHandleVerifier [0x016E6B46+1051686]
	Ordinal0 [0x014D5B06+1727238]
	Ordinal0 [0x014DEB7B+1764219]
	Ordinal0 [0x014DECE3+1764579]
	Ordinal0 [0x014F4C05+1854469]
	BaseThreadInitThunk [0x77336A14+36]
	RtlInitializeExceptionChain [0x77DDAB4F+143]
	RtlInitializeExceptionChain [0x77DDAB1A+90]

	at java.base/jdk.internal.reflect.NativeConstructorAccessorImpl.newInstance0(Native Method)
	at java.base/jdk.internal.reflect.NativeConstructorAccessorImpl.newInstance(NativeConstructorAccessorImpl.java:62)
	at java.base/jdk.internal.reflect.DelegatingConstructorAccessorImpl.newInstance(DelegatingConstructorAccessorImpl.java:45)
	at java.base/java.lang.reflect.Constructor.newInstance(Constructor.java:490)
	at org.openqa.selenium.remote.W3CHandshakeResponse.lambda$errorHandler$0(W3CHandshakeResponse.java:62)
	at org.openqa.selenium.remote.HandshakeResponse.lambda$getResponseFunction$0(HandshakeResponse.java:30)
	at org.openqa.selenium.remote.ProtocolHandshake.lambda$createSession$0(ProtocolHandshake.java:126)
	at java.base/java.util.stream.ReferencePipeline$3$1.accept(ReferencePipeline.java:195)
	at java.base/java.util.Spliterators$ArraySpliterator.tryAdvance(Spliterators.java:958)
	at java.base/java.util.stream.ReferencePipeline.forEachWithCancel(ReferencePipeline.java:127)
	at java.base/java.util.stream.AbstractPipeline.copyIntoWithCancel(AbstractPipeline.java:502)
	at java.base/java.util.stream.AbstractPipeline.copyInto(AbstractPipeline.java:488)
	at java.base/java.util.stream.AbstractPipeline.wrapAndCopyInto(AbstractPipeline.java:474)
	at java.base/java.util.stream.FindOps$FindOp.evaluateSequential(FindOps.java:150)
	at java.base/java.util.stream.AbstractPipeline.evaluate(AbstractPipeline.java:234)
	at java.base/java.util.stream.ReferencePipeline.findFirst(ReferencePipeline.java:543)
	at org.openqa.selenium.remote.ProtocolHandshake.createSession(ProtocolHandshake.java:128)
	at org.openqa.selenium.remote.ProtocolHandshake.createSession(ProtocolHandshake.java:74)
	at org.openqa.selenium.remote.HttpCommandExecutor.execute(HttpCommandExecutor.java:136)
	at org.openqa.selenium.remote.service.DriverCommandExecutor.execute(DriverCommandExecutor.java:83)
	at org.openqa.selenium.remote.RemoteWebDriver.execute(RemoteWebDriver.java:552)
	at org.openqa.selenium.remote.RemoteWebDriver.startSession(RemoteWebDriver.java:213)
	at org.openqa.selenium.remote.RemoteWebDriver.<init>(RemoteWebDriver.java:131)
	at org.openqa.selenium.chrome.ChromeDriver.<init>(ChromeDriver.java:181)
	at org.openqa.selenium.chrome.ChromeDriver.<init>(ChromeDriver.java:168)
	at org.openqa.selenium.chrome.ChromeDriver.<init>(ChromeDriver.java:157)
	at com.qa.clearpc.BaseClass.BaseClass.loadPortal(BaseClass.java:175)
	at com.qa.clearpc.search.Search_pageTest.setUp(Search_pageTest.java:26)
	at java.base/jdk.internal.reflect.NativeMethodAccessorImpl.invoke0(Native Method)
	at java.base/jdk.internal.reflect.NativeMethodAccessorImpl.invoke(NativeMethodAccessorImpl.java:62)
	at java.base/jdk.internal.reflect.DelegatingMethodAccessorImpl.invoke(DelegatingMethodAccessorImpl.java:43)
	at java.base/java.lang.reflect.Method.invoke(Method.java:566)
	at org.testng.internal.MethodInvocationHelper.invokeMethod(MethodInvocationHelper.java:104)
	at org.testng.internal.Invoker.invokeConfigurationMethod(Invoker.java:515)
	at org.testng.internal.Invoker.invokeConfigurations(Invoker.java:217)
	at org.testng.internal.Invoker.invokeConfigurations(Invoker.java:144)
	at org.testng.TestRunner.beforeRun(TestRunner.java:634)
	at org.testng.TestRunner.run(TestRunner.java:602)
	at org.testng.SuiteRunner.runTest(SuiteRunner.java:387)
	at org.testng.SuiteRunner.runSequentially(SuiteRunner.java:382)
	at org.testng.SuiteRunner.privateRun(SuiteRunner.java:340)
	at org.testng.SuiteRunner.run(SuiteRunner.java:289)
	at org.testng.SuiteRunnerWorker.runSuite(SuiteRunnerWorker.java:52)
	at org.testng.SuiteRunnerWorker.run(SuiteRunnerWorker.java:86)
	at org.testng.TestNG.runSuitesSequentially(TestNG.java:1293)
	at org.testng.TestNG.runSuitesSequentially(TestNG.java:1289)
	at org.testng.TestNG.runSuitesLocally(TestNG.java:1218)
	at org.testng.TestNG.runSuites(TestNG.java:1133)
	at org.testng.TestNG.run(TestNG.java:1104)
	at org.testng.remote.AbstractRemoteTestNG.run(AbstractRemoteTestNG.java:115)
	at org.testng.remote.RemoteTestNG.initAndRun(RemoteTestNG.java:251)
	at org.testng.remote.RemoteTestNG.main(RemoteTestNG.java:77)
]]>
            </full-stacktrace>
          </exception> <!-- org.openqa.selenium.SessionNotCreatedException -->
          <reporter-output>
          </reporter-output>
        </test-method> <!-- validateAutosuggetionsForAdvancedSearch -->
        <test-method is-config="true" signature="tearDown()[pri:0, instance:com.qa.clearpc.search.Search_pageTest@58594a11]" started-at="2020-09-15T12:00:29Z" name="tearDown" finished-at="2020-09-15T12:00:29Z" duration-ms="0" status="SKIP">
          <reporter-output>
          </reporter-output>
        </test-method> <!-- tearDown -->
        <test-method is-config="true" signature="endSuite()[pri:0, instance:com.qa.clearpc.search.Search_pageTest@58594a11]" started-at="2020-09-15T12:00:29Z" name="endSuite" finished-at="2020-09-15T12:00:29Z" duration-ms="296" status="PASS">
          <reporter-output>
          </reporter-output>
        </test-method> <!-- endSuite -->
      </class> <!-- com.qa.clearpc.search.Search_pageTest -->
    </test> <!-- Login -->
  </suite> <!-- Login (0) -->
  <suite started-at="2020-09-15T06:29:52Z" name="Login" finished-at="2020-09-15T06:30:17Z" duration-ms="24922">
    <groups>
    </groups>
    <test started-at="2020-09-15T06:29:52Z" name="Login" finished-at="2020-09-15T06:30:17Z" duration-ms="24922">
      <class name="com.qa.clearpc.Login.LogoutTest">
        <test-method is-config="true" signature="setup()[pri:0, instance:com.qa.clearpc.Login.LogoutTest@6b58b9e9]" started-at="2020-09-15T12:00:17Z" name="setup" finished-at="2020-09-15T12:00:17Z" duration-ms="0" status="SKIP">
          <reporter-output>
          </reporter-output>
        </test-method> <!-- setup -->
        <test-method signature="validateLogoutFunctionality()[pri:1, instance:com.qa.clearpc.Login.LogoutTest@6b58b9e9]" started-at="2020-09-15T12:00:17Z" name="validateLogoutFunctionality" description="Verify that logout functionality is working fine" finished-at="2020-09-15T12:00:17Z" duration-ms="2" status="SKIP">
          <exception class="org.openqa.selenium.SessionNotCreatedException">
            <message>
              <![CDATA[session not created: This version of ChromeDriver only supports Chrome version 83
Build info: version: '3.141.59', revision: 'e82be7d358', time: '2018-11-14T08:17:03'
System info: host: 'MANJUSHREE', ip: '10.45.96.69', os.name: 'Windows 8.1', os.arch: 'amd64', os.version: '6.3', java.version: '11.0.6'
Driver info: driver.version: ChromeDriver
remote stacktrace: Backtrace:
	Ordinal0 [0x015C9563+2725219]
	Ordinal0 [0x014C8551+1672529]
	Ordinal0 [0x013B0359+525145]
	Ordinal0 [0x01340B77+68471]
	Ordinal0 [0x0133D32C+54060]
	Ordinal0 [0x0135CC37+183351]
	Ordinal0 [0x0135CA3D+182845]
	Ordinal0 [0x0135A94B+174411]
	Ordinal0 [0x01342528+75048]
	Ordinal0 [0x013435A0+79264]
	Ordinal0 [0x01343539+79161]
	Ordinal0 [0x014DD607+1758727]
	GetHandleVerifier [0x016E6546+1050150]
	GetHandleVerifier [0x016E6291+1049457]
	GetHandleVerifier [0x016F10D7+1094071]
	GetHandleVerifier [0x016E6B46+1051686]
	Ordinal0 [0x014D5B06+1727238]
	Ordinal0 [0x014DEB7B+1764219]
	Ordinal0 [0x014DECE3+1764579]
	Ordinal0 [0x014F4C05+1854469]
	BaseThreadInitThunk [0x77336A14+36]
	RtlInitializeExceptionChain [0x77DDAB4F+143]
	RtlInitializeExceptionChain [0x77DDAB1A+90]
]]>
            </message>
            <full-stacktrace>
              <![CDATA[org.openqa.selenium.SessionNotCreatedException: session not created: This version of ChromeDriver only supports Chrome version 83
Build info: version: '3.141.59', revision: 'e82be7d358', time: '2018-11-14T08:17:03'
System info: host: 'MANJUSHREE', ip: '10.45.96.69', os.name: 'Windows 8.1', os.arch: 'amd64', os.version: '6.3', java.version: '11.0.6'
Driver info: driver.version: ChromeDriver
remote stacktrace: Backtrace:
	Ordinal0 [0x015C9563+2725219]
	Ordinal0 [0x014C8551+1672529]
	Ordinal0 [0x013B0359+525145]
	Ordinal0 [0x01340B77+68471]
	Ordinal0 [0x0133D32C+54060]
	Ordinal0 [0x0135CC37+183351]
	Ordinal0 [0x0135CA3D+182845]
	Ordinal0 [0x0135A94B+174411]
	Ordinal0 [0x01342528+75048]
	Ordinal0 [0x013435A0+79264]
	Ordinal0 [0x01343539+79161]
	Ordinal0 [0x014DD607+1758727]
	GetHandleVerifier [0x016E6546+1050150]
	GetHandleVerifier [0x016E6291+1049457]
	GetHandleVerifier [0x016F10D7+1094071]
	GetHandleVerifier [0x016E6B46+1051686]
	Ordinal0 [0x014D5B06+1727238]
	Ordinal0 [0x014DEB7B+1764219]
	Ordinal0 [0x014DECE3+1764579]
	Ordinal0 [0x014F4C05+1854469]
	BaseThreadInitThunk [0x77336A14+36]
	RtlInitializeExceptionChain [0x77DDAB4F+143]
	RtlInitializeExceptionChain [0x77DDAB1A+90]

	at java.base/jdk.internal.reflect.NativeConstructorAccessorImpl.newInstance0(Native Method)
	at java.base/jdk.internal.reflect.NativeConstructorAccessorImpl.newInstance(NativeConstructorAccessorImpl.java:62)
	at java.base/jdk.internal.reflect.DelegatingConstructorAccessorImpl.newInstance(DelegatingConstructorAccessorImpl.java:45)
	at java.base/java.lang.reflect.Constructor.newInstance(Constructor.java:490)
	at org.openqa.selenium.remote.W3CHandshakeResponse.lambda$errorHandler$0(W3CHandshakeResponse.java:62)
	at org.openqa.selenium.remote.HandshakeResponse.lambda$getResponseFunction$0(HandshakeResponse.java:30)
	at org.openqa.selenium.remote.ProtocolHandshake.lambda$createSession$0(ProtocolHandshake.java:126)
	at java.base/java.util.stream.ReferencePipeline$3$1.accept(ReferencePipeline.java:195)
	at java.base/java.util.Spliterators$ArraySpliterator.tryAdvance(Spliterators.java:958)
	at java.base/java.util.stream.ReferencePipeline.forEachWithCancel(ReferencePipeline.java:127)
	at java.base/java.util.stream.AbstractPipeline.copyIntoWithCancel(AbstractPipeline.java:502)
	at java.base/java.util.stream.AbstractPipeline.copyInto(AbstractPipeline.java:488)
	at java.base/java.util.stream.AbstractPipeline.wrapAndCopyInto(AbstractPipeline.java:474)
	at java.base/java.util.stream.FindOps$FindOp.evaluateSequential(FindOps.java:150)
	at java.base/java.util.stream.AbstractPipeline.evaluate(AbstractPipeline.java:234)
	at java.base/java.util.stream.ReferencePipeline.findFirst(ReferencePipeline.java:543)
	at org.openqa.selenium.remote.ProtocolHandshake.createSession(ProtocolHandshake.java:128)
	at org.openqa.selenium.remote.ProtocolHandshake.createSession(ProtocolHandshake.java:74)
	at org.openqa.selenium.remote.HttpCommandExecutor.execute(HttpCommandExecutor.java:136)
	at org.openqa.selenium.remote.service.DriverCommandExecutor.execute(DriverCommandExecutor.java:83)
	at org.openqa.selenium.remote.RemoteWebDriver.execute(RemoteWebDriver.java:552)
	at org.openqa.selenium.remote.RemoteWebDriver.startSession(RemoteWebDriver.java:213)
	at org.openqa.selenium.remote.RemoteWebDriver.<init>(RemoteWebDriver.java:131)
	at org.openqa.selenium.chrome.ChromeDriver.<init>(ChromeDriver.java:181)
	at org.openqa.selenium.chrome.ChromeDriver.<init>(ChromeDriver.java:168)
	at org.openqa.selenium.chrome.ChromeDriver.<init>(ChromeDriver.java:157)
	at com.qa.clearpc.BaseClass.BaseClass.loadPortal(BaseClass.java:175)
	at com.qa.clearpc.Login.LoginPageTest.setUp(LoginPageTest.java:34)
	at java.base/jdk.internal.reflect.NativeMethodAccessorImpl.invoke0(Native Method)
	at java.base/jdk.internal.reflect.NativeMethodAccessorImpl.invoke(NativeMethodAccessorImpl.java:62)
	at java.base/jdk.internal.reflect.DelegatingMethodAccessorImpl.invoke(DelegatingMethodAccessorImpl.java:43)
	at java.base/java.lang.reflect.Method.invoke(Method.java:566)
	at org.testng.internal.MethodInvocationHelper.invokeMethod(MethodInvocationHelper.java:104)
	at org.testng.internal.Invoker.invokeConfigurationMethod(Invoker.java:515)
	at org.testng.internal.Invoker.invokeConfigurations(Invoker.java:217)
	at org.testng.internal.Invoker.invokeConfigurations(Invoker.java:144)
	at org.testng.TestRunner.beforeRun(TestRunner.java:634)
	at org.testng.TestRunner.run(TestRunner.java:602)
	at org.testng.SuiteRunner.runTest(SuiteRunner.java:387)
	at org.testng.SuiteRunner.runSequentially(SuiteRunner.java:382)
	at org.testng.SuiteRunner.privateRun(SuiteRunner.java:340)
	at org.testng.SuiteRunner.run(SuiteRunner.java:289)
	at org.testng.SuiteRunnerWorker.runSuite(SuiteRunnerWorker.java:52)
	at org.testng.SuiteRunnerWorker.run(SuiteRunnerWorker.java:86)
	at org.testng.TestNG.runSuitesSequentially(TestNG.java:1293)
	at org.testng.TestNG.runSuitesSequentially(TestNG.java:1289)
	at org.testng.TestNG.runSuitesLocally(TestNG.java:1218)
	at org.testng.TestNG.runSuites(TestNG.java:1133)
	at org.testng.TestNG.run(TestNG.java:1104)
	at org.testng.remote.AbstractRemoteTestNG.run(AbstractRemoteTestNG.java:115)
	at org.testng.remote.RemoteTestNG.initAndRun(RemoteTestNG.java:251)
	at org.testng.remote.RemoteTestNG.main(RemoteTestNG.java:77)
]]>
            </full-stacktrace>
          </exception> <!-- org.openqa.selenium.SessionNotCreatedException -->
          <reporter-output>
          </reporter-output>
        </test-method> <!-- validateLogoutFunctionality -->
        <test-method is-config="true" signature="tearDown()[pri:0, instance:com.qa.clearpc.Login.LogoutTest@6b58b9e9]" started-at="2020-09-15T12:00:17Z" name="tearDown" finished-at="2020-09-15T12:00:17Z" duration-ms="0" status="SKIP">
          <reporter-output>
          </reporter-output>
        </test-method> <!-- tearDown -->
        <test-method is-config="true" signature="setup()[pri:0, instance:com.qa.clearpc.Login.LogoutTest@6b58b9e9]" started-at="2020-09-15T12:00:17Z" name="setup" finished-at="2020-09-15T12:00:17Z" duration-ms="0" status="SKIP">
          <reporter-output>
          </reporter-output>
        </test-method> <!-- setup -->
        <test-method signature="check()[pri:2, instance:com.qa.clearpc.Login.LogoutTest@6b58b9e9]" started-at="2020-09-15T12:00:17Z" name="check" finished-at="2020-09-15T12:00:17Z" duration-ms="1" status="SKIP">
          <exception class="org.openqa.selenium.SessionNotCreatedException">
            <message>
              <![CDATA[session not created: This version of ChromeDriver only supports Chrome version 83
Build info: version: '3.141.59', revision: 'e82be7d358', time: '2018-11-14T08:17:03'
System info: host: 'MANJUSHREE', ip: '10.45.96.69', os.name: 'Windows 8.1', os.arch: 'amd64', os.version: '6.3', java.version: '11.0.6'
Driver info: driver.version: ChromeDriver
remote stacktrace: Backtrace:
	Ordinal0 [0x015C9563+2725219]
	Ordinal0 [0x014C8551+1672529]
	Ordinal0 [0x013B0359+525145]
	Ordinal0 [0x01340B77+68471]
	Ordinal0 [0x0133D32C+54060]
	Ordinal0 [0x0135CC37+183351]
	Ordinal0 [0x0135CA3D+182845]
	Ordinal0 [0x0135A94B+174411]
	Ordinal0 [0x01342528+75048]
	Ordinal0 [0x013435A0+79264]
	Ordinal0 [0x01343539+79161]
	Ordinal0 [0x014DD607+1758727]
	GetHandleVerifier [0x016E6546+1050150]
	GetHandleVerifier [0x016E6291+1049457]
	GetHandleVerifier [0x016F10D7+1094071]
	GetHandleVerifier [0x016E6B46+1051686]
	Ordinal0 [0x014D5B06+1727238]
	Ordinal0 [0x014DEB7B+1764219]
	Ordinal0 [0x014DECE3+1764579]
	Ordinal0 [0x014F4C05+1854469]
	BaseThreadInitThunk [0x77336A14+36]
	RtlInitializeExceptionChain [0x77DDAB4F+143]
	RtlInitializeExceptionChain [0x77DDAB1A+90]
]]>
            </message>
            <full-stacktrace>
              <![CDATA[org.openqa.selenium.SessionNotCreatedException: session not created: This version of ChromeDriver only supports Chrome version 83
Build info: version: '3.141.59', revision: 'e82be7d358', time: '2018-11-14T08:17:03'
System info: host: 'MANJUSHREE', ip: '10.45.96.69', os.name: 'Windows 8.1', os.arch: 'amd64', os.version: '6.3', java.version: '11.0.6'
Driver info: driver.version: ChromeDriver
remote stacktrace: Backtrace:
	Ordinal0 [0x015C9563+2725219]
	Ordinal0 [0x014C8551+1672529]
	Ordinal0 [0x013B0359+525145]
	Ordinal0 [0x01340B77+68471]
	Ordinal0 [0x0133D32C+54060]
	Ordinal0 [0x0135CC37+183351]
	Ordinal0 [0x0135CA3D+182845]
	Ordinal0 [0x0135A94B+174411]
	Ordinal0 [0x01342528+75048]
	Ordinal0 [0x013435A0+79264]
	Ordinal0 [0x01343539+79161]
	Ordinal0 [0x014DD607+1758727]
	GetHandleVerifier [0x016E6546+1050150]
	GetHandleVerifier [0x016E6291+1049457]
	GetHandleVerifier [0x016F10D7+1094071]
	GetHandleVerifier [0x016E6B46+1051686]
	Ordinal0 [0x014D5B06+1727238]
	Ordinal0 [0x014DEB7B+1764219]
	Ordinal0 [0x014DECE3+1764579]
	Ordinal0 [0x014F4C05+1854469]
	BaseThreadInitThunk [0x77336A14+36]
	RtlInitializeExceptionChain [0x77DDAB4F+143]
	RtlInitializeExceptionChain [0x77DDAB1A+90]

	at java.base/jdk.internal.reflect.NativeConstructorAccessorImpl.newInstance0(Native Method)
	at java.base/jdk.internal.reflect.NativeConstructorAccessorImpl.newInstance(NativeConstructorAccessorImpl.java:62)
	at java.base/jdk.internal.reflect.DelegatingConstructorAccessorImpl.newInstance(DelegatingConstructorAccessorImpl.java:45)
	at java.base/java.lang.reflect.Constructor.newInstance(Constructor.java:490)
	at org.openqa.selenium.remote.W3CHandshakeResponse.lambda$errorHandler$0(W3CHandshakeResponse.java:62)
	at org.openqa.selenium.remote.HandshakeResponse.lambda$getResponseFunction$0(HandshakeResponse.java:30)
	at org.openqa.selenium.remote.ProtocolHandshake.lambda$createSession$0(ProtocolHandshake.java:126)
	at java.base/java.util.stream.ReferencePipeline$3$1.accept(ReferencePipeline.java:195)
	at java.base/java.util.Spliterators$ArraySpliterator.tryAdvance(Spliterators.java:958)
	at java.base/java.util.stream.ReferencePipeline.forEachWithCancel(ReferencePipeline.java:127)
	at java.base/java.util.stream.AbstractPipeline.copyIntoWithCancel(AbstractPipeline.java:502)
	at java.base/java.util.stream.AbstractPipeline.copyInto(AbstractPipeline.java:488)
	at java.base/java.util.stream.AbstractPipeline.wrapAndCopyInto(AbstractPipeline.java:474)
	at java.base/java.util.stream.FindOps$FindOp.evaluateSequential(FindOps.java:150)
	at java.base/java.util.stream.AbstractPipeline.evaluate(AbstractPipeline.java:234)
	at java.base/java.util.stream.ReferencePipeline.findFirst(ReferencePipeline.java:543)
	at org.openqa.selenium.remote.ProtocolHandshake.createSession(ProtocolHandshake.java:128)
	at org.openqa.selenium.remote.ProtocolHandshake.createSession(ProtocolHandshake.java:74)
	at org.openqa.selenium.remote.HttpCommandExecutor.execute(HttpCommandExecutor.java:136)
	at org.openqa.selenium.remote.service.DriverCommandExecutor.execute(DriverCommandExecutor.java:83)
	at org.openqa.selenium.remote.RemoteWebDriver.execute(RemoteWebDriver.java:552)
	at org.openqa.selenium.remote.RemoteWebDriver.startSession(RemoteWebDriver.java:213)
	at org.openqa.selenium.remote.RemoteWebDriver.<init>(RemoteWebDriver.java:131)
	at org.openqa.selenium.chrome.ChromeDriver.<init>(ChromeDriver.java:181)
	at org.openqa.selenium.chrome.ChromeDriver.<init>(ChromeDriver.java:168)
	at org.openqa.selenium.chrome.ChromeDriver.<init>(ChromeDriver.java:157)
	at com.qa.clearpc.BaseClass.BaseClass.loadPortal(BaseClass.java:175)
	at com.qa.clearpc.Login.LoginPageTest.setUp(LoginPageTest.java:34)
	at java.base/jdk.internal.reflect.NativeMethodAccessorImpl.invoke0(Native Method)
	at java.base/jdk.internal.reflect.NativeMethodAccessorImpl.invoke(NativeMethodAccessorImpl.java:62)
	at java.base/jdk.internal.reflect.DelegatingMethodAccessorImpl.invoke(DelegatingMethodAccessorImpl.java:43)
	at java.base/java.lang.reflect.Method.invoke(Method.java:566)
	at org.testng.internal.MethodInvocationHelper.invokeMethod(MethodInvocationHelper.java:104)
	at org.testng.internal.Invoker.invokeConfigurationMethod(Invoker.java:515)
	at org.testng.internal.Invoker.invokeConfigurations(Invoker.java:217)
	at org.testng.internal.Invoker.invokeConfigurations(Invoker.java:144)
	at org.testng.TestRunner.beforeRun(TestRunner.java:634)
	at org.testng.TestRunner.run(TestRunner.java:602)
	at org.testng.SuiteRunner.runTest(SuiteRunner.java:387)
	at org.testng.SuiteRunner.runSequentially(SuiteRunner.java:382)
	at org.testng.SuiteRunner.privateRun(SuiteRunner.java:340)
	at org.testng.SuiteRunner.run(SuiteRunner.java:289)
	at org.testng.SuiteRunnerWorker.runSuite(SuiteRunnerWorker.java:52)
	at org.testng.SuiteRunnerWorker.run(SuiteRunnerWorker.java:86)
	at org.testng.TestNG.runSuitesSequentially(TestNG.java:1293)
	at org.testng.TestNG.runSuitesSequentially(TestNG.java:1289)
	at org.testng.TestNG.runSuitesLocally(TestNG.java:1218)
	at org.testng.TestNG.runSuites(TestNG.java:1133)
	at org.testng.TestNG.run(TestNG.java:1104)
	at org.testng.remote.AbstractRemoteTestNG.run(AbstractRemoteTestNG.java:115)
	at org.testng.remote.RemoteTestNG.initAndRun(RemoteTestNG.java:251)
	at org.testng.remote.RemoteTestNG.main(RemoteTestNG.java:77)
]]>
            </full-stacktrace>
          </exception> <!-- org.openqa.selenium.SessionNotCreatedException -->
          <reporter-output>
          </reporter-output>
        </test-method> <!-- check -->
        <test-method is-config="true" signature="tearDown()[pri:0, instance:com.qa.clearpc.Login.LogoutTest@6b58b9e9]" started-at="2020-09-15T12:00:17Z" name="tearDown" finished-at="2020-09-15T12:00:17Z" duration-ms="0" status="SKIP">
          <reporter-output>
          </reporter-output>
        </test-method> <!-- tearDown -->
      </class> <!-- com.qa.clearpc.Login.LogoutTest -->
      <class name="com.qa.clearpc.Login.LoginPageTest">
        <test-method is-config="true" signature="BeforesuiteSetup(java.lang.String, java.lang.String)[pri:0, instance:com.qa.clearpc.Login.LoginPageTest@26df6e3a]" started-at="2020-09-15T11:59:41Z" name="BeforesuiteSetup" finished-at="2020-09-15T11:59:52Z" duration-ms="11296" status="PASS">
          <params>
            <param index="0">
              <value>
                <![CDATA[zAdminv2UAT]]>
              </value>
            </param>
            <param index="1">
              <value>
                <![CDATA[chrome]]>
              </value>
            </param>
          </params>
          <reporter-output>
          </reporter-output>
        </test-method> <!-- BeforesuiteSetup -->
        <test-method is-config="true" signature="initialisation()[pri:0, instance:com.qa.clearpc.Login.LoginPageTest@26df6e3a]" started-at="2020-09-15T11:59:52Z" name="initialisation" finished-at="2020-09-15T11:59:53Z" duration-ms="1324" status="PASS">
          <reporter-output>
          </reporter-output>
        </test-method> <!-- initialisation -->
        <test-method is-config="true" signature="setUp()[pri:0, instance:com.qa.clearpc.Login.LoginPageTest@26df6e3a]" started-at="2020-09-15T11:59:53Z" name="setUp" finished-at="2020-09-15T11:59:53Z" depends-on-methods="com.qa.clearpc.BaseClass.BaseClass.initialisation" duration-ms="0" status="FAIL">
          <exception class="org.openqa.selenium.SessionNotCreatedException">
            <message>
              <![CDATA[session not created: This version of ChromeDriver only supports Chrome version 83
Build info: version: '3.141.59', revision: 'e82be7d358', time: '2018-11-14T08:17:03'
System info: host: 'MANJUSHREE', ip: '10.45.96.69', os.name: 'Windows 8.1', os.arch: 'amd64', os.version: '6.3', java.version: '11.0.6'
Driver info: driver.version: ChromeDriver
remote stacktrace: Backtrace:
	Ordinal0 [0x015C9563+2725219]
	Ordinal0 [0x014C8551+1672529]
	Ordinal0 [0x013B0359+525145]
	Ordinal0 [0x01340B77+68471]
	Ordinal0 [0x0133D32C+54060]
	Ordinal0 [0x0135CC37+183351]
	Ordinal0 [0x0135CA3D+182845]
	Ordinal0 [0x0135A94B+174411]
	Ordinal0 [0x01342528+75048]
	Ordinal0 [0x013435A0+79264]
	Ordinal0 [0x01343539+79161]
	Ordinal0 [0x014DD607+1758727]
	GetHandleVerifier [0x016E6546+1050150]
	GetHandleVerifier [0x016E6291+1049457]
	GetHandleVerifier [0x016F10D7+1094071]
	GetHandleVerifier [0x016E6B46+1051686]
	Ordinal0 [0x014D5B06+1727238]
	Ordinal0 [0x014DEB7B+1764219]
	Ordinal0 [0x014DECE3+1764579]
	Ordinal0 [0x014F4C05+1854469]
	BaseThreadInitThunk [0x77336A14+36]
	RtlInitializeExceptionChain [0x77DDAB4F+143]
	RtlInitializeExceptionChain [0x77DDAB1A+90]
]]>
            </message>
            <full-stacktrace>
              <![CDATA[org.openqa.selenium.SessionNotCreatedException: session not created: This version of ChromeDriver only supports Chrome version 83
Build info: version: '3.141.59', revision: 'e82be7d358', time: '2018-11-14T08:17:03'
System info: host: 'MANJUSHREE', ip: '10.45.96.69', os.name: 'Windows 8.1', os.arch: 'amd64', os.version: '6.3', java.version: '11.0.6'
Driver info: driver.version: ChromeDriver
remote stacktrace: Backtrace:
	Ordinal0 [0x015C9563+2725219]
	Ordinal0 [0x014C8551+1672529]
	Ordinal0 [0x013B0359+525145]
	Ordinal0 [0x01340B77+68471]
	Ordinal0 [0x0133D32C+54060]
	Ordinal0 [0x0135CC37+183351]
	Ordinal0 [0x0135CA3D+182845]
	Ordinal0 [0x0135A94B+174411]
	Ordinal0 [0x01342528+75048]
	Ordinal0 [0x013435A0+79264]
	Ordinal0 [0x01343539+79161]
	Ordinal0 [0x014DD607+1758727]
	GetHandleVerifier [0x016E6546+1050150]
	GetHandleVerifier [0x016E6291+1049457]
	GetHandleVerifier [0x016F10D7+1094071]
	GetHandleVerifier [0x016E6B46+1051686]
	Ordinal0 [0x014D5B06+1727238]
	Ordinal0 [0x014DEB7B+1764219]
	Ordinal0 [0x014DECE3+1764579]
	Ordinal0 [0x014F4C05+1854469]
	BaseThreadInitThunk [0x77336A14+36]
	RtlInitializeExceptionChain [0x77DDAB4F+143]
	RtlInitializeExceptionChain [0x77DDAB1A+90]

	at java.base/jdk.internal.reflect.NativeConstructorAccessorImpl.newInstance0(Native Method)
	at java.base/jdk.internal.reflect.NativeConstructorAccessorImpl.newInstance(NativeConstructorAccessorImpl.java:62)
	at java.base/jdk.internal.reflect.DelegatingConstructorAccessorImpl.newInstance(DelegatingConstructorAccessorImpl.java:45)
	at java.base/java.lang.reflect.Constructor.newInstance(Constructor.java:490)
	at org.openqa.selenium.remote.W3CHandshakeResponse.lambda$errorHandler$0(W3CHandshakeResponse.java:62)
	at org.openqa.selenium.remote.HandshakeResponse.lambda$getResponseFunction$0(HandshakeResponse.java:30)
	at org.openqa.selenium.remote.ProtocolHandshake.lambda$createSession$0(ProtocolHandshake.java:126)
	at java.base/java.util.stream.ReferencePipeline$3$1.accept(ReferencePipeline.java:195)
	at java.base/java.util.Spliterators$ArraySpliterator.tryAdvance(Spliterators.java:958)
	at java.base/java.util.stream.ReferencePipeline.forEachWithCancel(ReferencePipeline.java:127)
	at java.base/java.util.stream.AbstractPipeline.copyIntoWithCancel(AbstractPipeline.java:502)
	at java.base/java.util.stream.AbstractPipeline.copyInto(AbstractPipeline.java:488)
	at java.base/java.util.stream.AbstractPipeline.wrapAndCopyInto(AbstractPipeline.java:474)
	at java.base/java.util.stream.FindOps$FindOp.evaluateSequential(FindOps.java:150)
	at java.base/java.util.stream.AbstractPipeline.evaluate(AbstractPipeline.java:234)
	at java.base/java.util.stream.ReferencePipeline.findFirst(ReferencePipeline.java:543)
	at org.openqa.selenium.remote.ProtocolHandshake.createSession(ProtocolHandshake.java:128)
	at org.openqa.selenium.remote.ProtocolHandshake.createSession(ProtocolHandshake.java:74)
	at org.openqa.selenium.remote.HttpCommandExecutor.execute(HttpCommandExecutor.java:136)
	at org.openqa.selenium.remote.service.DriverCommandExecutor.execute(DriverCommandExecutor.java:83)
	at org.openqa.selenium.remote.RemoteWebDriver.execute(RemoteWebDriver.java:552)
	at org.openqa.selenium.remote.RemoteWebDriver.startSession(RemoteWebDriver.java:213)
	at org.openqa.selenium.remote.RemoteWebDriver.<init>(RemoteWebDriver.java:131)
	at org.openqa.selenium.chrome.ChromeDriver.<init>(ChromeDriver.java:181)
	at org.openqa.selenium.chrome.ChromeDriver.<init>(ChromeDriver.java:168)
	at org.openqa.selenium.chrome.ChromeDriver.<init>(ChromeDriver.java:157)
	at com.qa.clearpc.BaseClass.BaseClass.loadPortal(BaseClass.java:175)
	at com.qa.clearpc.Login.LoginPageTest.setUp(LoginPageTest.java:34)
	at java.base/jdk.internal.reflect.NativeMethodAccessorImpl.invoke0(Native Method)
	at java.base/jdk.internal.reflect.NativeMethodAccessorImpl.invoke(NativeMethodAccessorImpl.java:62)
	at java.base/jdk.internal.reflect.DelegatingMethodAccessorImpl.invoke(DelegatingMethodAccessorImpl.java:43)
	at java.base/java.lang.reflect.Method.invoke(Method.java:566)
	at org.testng.internal.MethodInvocationHelper.invokeMethod(MethodInvocationHelper.java:104)
	at org.testng.internal.Invoker.invokeConfigurationMethod(Invoker.java:515)
	at org.testng.internal.Invoker.invokeConfigurations(Invoker.java:217)
	at org.testng.internal.Invoker.invokeConfigurations(Invoker.java:144)
	at org.testng.TestRunner.beforeRun(TestRunner.java:634)
	at org.testng.TestRunner.run(TestRunner.java:602)
	at org.testng.SuiteRunner.runTest(SuiteRunner.java:387)
	at org.testng.SuiteRunner.runSequentially(SuiteRunner.java:382)
	at org.testng.SuiteRunner.privateRun(SuiteRunner.java:340)
	at org.testng.SuiteRunner.run(SuiteRunner.java:289)
	at org.testng.SuiteRunnerWorker.runSuite(SuiteRunnerWorker.java:52)
	at org.testng.SuiteRunnerWorker.run(SuiteRunnerWorker.java:86)
	at org.testng.TestNG.runSuitesSequentially(TestNG.java:1293)
	at org.testng.TestNG.runSuitesSequentially(TestNG.java:1289)
	at org.testng.TestNG.runSuitesLocally(TestNG.java:1218)
	at org.testng.TestNG.runSuites(TestNG.java:1133)
	at org.testng.TestNG.run(TestNG.java:1104)
	at org.testng.remote.AbstractRemoteTestNG.run(AbstractRemoteTestNG.java:115)
	at org.testng.remote.RemoteTestNG.initAndRun(RemoteTestNG.java:251)
	at org.testng.remote.RemoteTestNG.main(RemoteTestNG.java:77)
]]>
            </full-stacktrace>
          </exception> <!-- org.openqa.selenium.SessionNotCreatedException -->
          <reporter-output>
          </reporter-output>
        </test-method> <!-- setUp -->
        <test-method signature="validateLogin(java.lang.String, java.lang.String, java.lang.String, java.lang.String, java.lang.String)[pri:2, instance:com.qa.clearpc.Login.LoginPageTest@26df6e3a]" started-at="2020-09-15T12:00:17Z" name="validateLogin" description="Verify login to clear portal with valid credentials" data-provider="getMailProperties" finished-at="2020-09-15T12:00:17Z" duration-ms="2" status="SKIP">
          <params>
            <param index="0">
              <value>
                <![CDATA[mail.primefocus.com]]>
              </value>
            </param>
            <param index="1">
              <value>
                <![CDATA[shilpashree.k@primefocus.com]]>
              </value>
            </param>
            <param index="2">
              <value>
                <![CDATA[SAURXCUSYTYDJIZQ]]>
              </value>
            </param>
            <param index="3">
              <value>
                <![CDATA[noreply@clearnotifications.com]]>
              </value>
            </param>
            <param index="4">
              <value>
                <![CDATA[Security Access Code]]>
              </value>
            </param>
          </params>
          <exception class="org.openqa.selenium.SessionNotCreatedException">
            <message>
              <![CDATA[session not created: This version of ChromeDriver only supports Chrome version 83
Build info: version: '3.141.59', revision: 'e82be7d358', time: '2018-11-14T08:17:03'
System info: host: 'MANJUSHREE', ip: '10.45.96.69', os.name: 'Windows 8.1', os.arch: 'amd64', os.version: '6.3', java.version: '11.0.6'
Driver info: driver.version: ChromeDriver
remote stacktrace: Backtrace:
	Ordinal0 [0x015C9563+2725219]
	Ordinal0 [0x014C8551+1672529]
	Ordinal0 [0x013B0359+525145]
	Ordinal0 [0x01340B77+68471]
	Ordinal0 [0x0133D32C+54060]
	Ordinal0 [0x0135CC37+183351]
	Ordinal0 [0x0135CA3D+182845]
	Ordinal0 [0x0135A94B+174411]
	Ordinal0 [0x01342528+75048]
	Ordinal0 [0x013435A0+79264]
	Ordinal0 [0x01343539+79161]
	Ordinal0 [0x014DD607+1758727]
	GetHandleVerifier [0x016E6546+1050150]
	GetHandleVerifier [0x016E6291+1049457]
	GetHandleVerifier [0x016F10D7+1094071]
	GetHandleVerifier [0x016E6B46+1051686]
	Ordinal0 [0x014D5B06+1727238]
	Ordinal0 [0x014DEB7B+1764219]
	Ordinal0 [0x014DECE3+1764579]
	Ordinal0 [0x014F4C05+1854469]
	BaseThreadInitThunk [0x77336A14+36]
	RtlInitializeExceptionChain [0x77DDAB4F+143]
	RtlInitializeExceptionChain [0x77DDAB1A+90]
]]>
            </message>
            <full-stacktrace>
              <![CDATA[org.openqa.selenium.SessionNotCreatedException: session not created: This version of ChromeDriver only supports Chrome version 83
Build info: version: '3.141.59', revision: 'e82be7d358', time: '2018-11-14T08:17:03'
System info: host: 'MANJUSHREE', ip: '10.45.96.69', os.name: 'Windows 8.1', os.arch: 'amd64', os.version: '6.3', java.version: '11.0.6'
Driver info: driver.version: ChromeDriver
remote stacktrace: Backtrace:
	Ordinal0 [0x015C9563+2725219]
	Ordinal0 [0x014C8551+1672529]
	Ordinal0 [0x013B0359+525145]
	Ordinal0 [0x01340B77+68471]
	Ordinal0 [0x0133D32C+54060]
	Ordinal0 [0x0135CC37+183351]
	Ordinal0 [0x0135CA3D+182845]
	Ordinal0 [0x0135A94B+174411]
	Ordinal0 [0x01342528+75048]
	Ordinal0 [0x013435A0+79264]
	Ordinal0 [0x01343539+79161]
	Ordinal0 [0x014DD607+1758727]
	GetHandleVerifier [0x016E6546+1050150]
	GetHandleVerifier [0x016E6291+1049457]
	GetHandleVerifier [0x016F10D7+1094071]
	GetHandleVerifier [0x016E6B46+1051686]
	Ordinal0 [0x014D5B06+1727238]
	Ordinal0 [0x014DEB7B+1764219]
	Ordinal0 [0x014DECE3+1764579]
	Ordinal0 [0x014F4C05+1854469]
	BaseThreadInitThunk [0x77336A14+36]
	RtlInitializeExceptionChain [0x77DDAB4F+143]
	RtlInitializeExceptionChain [0x77DDAB1A+90]

	at java.base/jdk.internal.reflect.NativeConstructorAccessorImpl.newInstance0(Native Method)
	at java.base/jdk.internal.reflect.NativeConstructorAccessorImpl.newInstance(NativeConstructorAccessorImpl.java:62)
	at java.base/jdk.internal.reflect.DelegatingConstructorAccessorImpl.newInstance(DelegatingConstructorAccessorImpl.java:45)
	at java.base/java.lang.reflect.Constructor.newInstance(Constructor.java:490)
	at org.openqa.selenium.remote.W3CHandshakeResponse.lambda$errorHandler$0(W3CHandshakeResponse.java:62)
	at org.openqa.selenium.remote.HandshakeResponse.lambda$getResponseFunction$0(HandshakeResponse.java:30)
	at org.openqa.selenium.remote.ProtocolHandshake.lambda$createSession$0(ProtocolHandshake.java:126)
	at java.base/java.util.stream.ReferencePipeline$3$1.accept(ReferencePipeline.java:195)
	at java.base/java.util.Spliterators$ArraySpliterator.tryAdvance(Spliterators.java:958)
	at java.base/java.util.stream.ReferencePipeline.forEachWithCancel(ReferencePipeline.java:127)
	at java.base/java.util.stream.AbstractPipeline.copyIntoWithCancel(AbstractPipeline.java:502)
	at java.base/java.util.stream.AbstractPipeline.copyInto(AbstractPipeline.java:488)
	at java.base/java.util.stream.AbstractPipeline.wrapAndCopyInto(AbstractPipeline.java:474)
	at java.base/java.util.stream.FindOps$FindOp.evaluateSequential(FindOps.java:150)
	at java.base/java.util.stream.AbstractPipeline.evaluate(AbstractPipeline.java:234)
	at java.base/java.util.stream.ReferencePipeline.findFirst(ReferencePipeline.java:543)
	at org.openqa.selenium.remote.ProtocolHandshake.createSession(ProtocolHandshake.java:128)
	at org.openqa.selenium.remote.ProtocolHandshake.createSession(ProtocolHandshake.java:74)
	at org.openqa.selenium.remote.HttpCommandExecutor.execute(HttpCommandExecutor.java:136)
	at org.openqa.selenium.remote.service.DriverCommandExecutor.execute(DriverCommandExecutor.java:83)
	at org.openqa.selenium.remote.RemoteWebDriver.execute(RemoteWebDriver.java:552)
	at org.openqa.selenium.remote.RemoteWebDriver.startSession(RemoteWebDriver.java:213)
	at org.openqa.selenium.remote.RemoteWebDriver.<init>(RemoteWebDriver.java:131)
	at org.openqa.selenium.chrome.ChromeDriver.<init>(ChromeDriver.java:181)
	at org.openqa.selenium.chrome.ChromeDriver.<init>(ChromeDriver.java:168)
	at org.openqa.selenium.chrome.ChromeDriver.<init>(ChromeDriver.java:157)
	at com.qa.clearpc.BaseClass.BaseClass.loadPortal(BaseClass.java:175)
	at com.qa.clearpc.Login.LoginPageTest.setUp(LoginPageTest.java:34)
	at java.base/jdk.internal.reflect.NativeMethodAccessorImpl.invoke0(Native Method)
	at java.base/jdk.internal.reflect.NativeMethodAccessorImpl.invoke(NativeMethodAccessorImpl.java:62)
	at java.base/jdk.internal.reflect.DelegatingMethodAccessorImpl.invoke(DelegatingMethodAccessorImpl.java:43)
	at java.base/java.lang.reflect.Method.invoke(Method.java:566)
	at org.testng.internal.MethodInvocationHelper.invokeMethod(MethodInvocationHelper.java:104)
	at org.testng.internal.Invoker.invokeConfigurationMethod(Invoker.java:515)
	at org.testng.internal.Invoker.invokeConfigurations(Invoker.java:217)
	at org.testng.internal.Invoker.invokeConfigurations(Invoker.java:144)
	at org.testng.TestRunner.beforeRun(TestRunner.java:634)
	at org.testng.TestRunner.run(TestRunner.java:602)
	at org.testng.SuiteRunner.runTest(SuiteRunner.java:387)
	at org.testng.SuiteRunner.runSequentially(SuiteRunner.java:382)
	at org.testng.SuiteRunner.privateRun(SuiteRunner.java:340)
	at org.testng.SuiteRunner.run(SuiteRunner.java:289)
	at org.testng.SuiteRunnerWorker.runSuite(SuiteRunnerWorker.java:52)
	at org.testng.SuiteRunnerWorker.run(SuiteRunnerWorker.java:86)
	at org.testng.TestNG.runSuitesSequentially(TestNG.java:1293)
	at org.testng.TestNG.runSuitesSequentially(TestNG.java:1289)
	at org.testng.TestNG.runSuitesLocally(TestNG.java:1218)
	at org.testng.TestNG.runSuites(TestNG.java:1133)
	at org.testng.TestNG.run(TestNG.java:1104)
	at org.testng.remote.AbstractRemoteTestNG.run(AbstractRemoteTestNG.java:115)
	at org.testng.remote.RemoteTestNG.initAndRun(RemoteTestNG.java:251)
	at org.testng.remote.RemoteTestNG.main(RemoteTestNG.java:77)
]]>
            </full-stacktrace>
          </exception> <!-- org.openqa.selenium.SessionNotCreatedException -->
          <reporter-output>
          </reporter-output>
        </test-method> <!-- validateLogin -->
        <test-method is-config="true" signature="tearDown()[pri:0, instance:com.qa.clearpc.Login.LoginPageTest@26df6e3a]" started-at="2020-09-15T12:00:17Z" name="tearDown" finished-at="2020-09-15T12:00:17Z" duration-ms="0" status="SKIP">
          <reporter-output>
          </reporter-output>
        </test-method> <!-- tearDown -->
        <test-method is-config="true" signature="endSuite()[pri:0, instance:com.qa.clearpc.Login.LoginPageTest@26df6e3a]" started-at="2020-09-15T12:00:18Z" name="endSuite" finished-at="2020-09-15T12:00:21Z" duration-ms="2213" status="PASS">
          <reporter-output>
          </reporter-output>
        </test-method> <!-- endSuite -->
      </class> <!-- com.qa.clearpc.Login.LoginPageTest -->
    </test> <!-- Login -->
  </suite> <!-- Login -->
</testng-results>
