<?xml version="1.0" encoding="UTF-8"?>
<testng-results ignored="0" total="6" passed="5" failed="1" skipped="0">
  <reporter-output>
  </reporter-output>
  <suite started-at="2020-10-07T13:29:14Z" name="CBS Suite" finished-at="2020-10-07T13:29:14Z" duration-ms="0">
    <groups>
    </groups>
  </suite> <!-- CBS Suite -->
  <suite started-at="2020-10-07T13:25:32Z" name="AddFolder Module" finished-at="2020-10-07T13:29:13Z" duration-ms="220447">
    <groups>
    </groups>
    <test started-at="2020-10-07T13:25:32Z" name="AddFolder" finished-at="2020-10-07T13:29:13Z" duration-ms="220447">
      <class name="com.qa.clearpc.AddFolder.AddFolderTest">
        <test-method is-config="true" signature="BeforesuiteSetup(java.lang.String, java.lang.String)[pri:0, instance:com.qa.clearpc.AddFolder.AddFolderTest@5a56cdac]" started-at="2020-10-07T18:55:32Z" name="BeforesuiteSetup" finished-at="2020-10-07T18:55:32Z" duration-ms="381" status="PASS">
          <params>
            <param index="0">
              <value>
                <![CDATA[CBS]]>
              </value>
            </param>
            <param index="1">
              <value>
                <![CDATA[chrome]]>
              </value>
            </param>
          </params>
          <reporter-output>
          </reporter-output>
        </test-method> <!-- BeforesuiteSetup -->
        <test-method is-config="true" signature="initialisation()[pri:0, instance:com.qa.clearpc.AddFolder.AddFolderTest@5a56cdac]" started-at="2020-10-07T18:55:32Z" name="initialisation" finished-at="2020-10-07T18:55:33Z" duration-ms="27" status="PASS">
          <reporter-output>
          </reporter-output>
        </test-method> <!-- initialisation -->
        <test-method is-config="true" signature="SetUp()[pri:0, instance:com.qa.clearpc.AddFolder.AddFolderTest@5a56cdac]" started-at="2020-10-07T18:55:33Z" name="SetUp" finished-at="2020-10-07T18:55:53Z" depends-on-methods="com.qa.clearpc.BaseClass.BaseClass.initialisation" duration-ms="20150" status="PASS">
          <reporter-output>
          </reporter-output>
        </test-method> <!-- SetUp -->
        <test-method signature="validateAddFolderPopupDisplaying()[pri:1, instance:com.qa.clearpc.AddFolder.AddFolderTest@5a56cdac]" started-at="2020-10-07T18:55:53Z" name="validateAddFolderPopupDisplaying" description="Validate add folder pop up" finished-at="2020-10-07T18:56:11Z" duration-ms="18347" status="PASS">
          <reporter-output>
          </reporter-output>
        </test-method> <!-- validateAddFolderPopupDisplaying -->
        <test-method signature="validateFieldsInAddFolderPopup()[pri:2, instance:com.qa.clearpc.AddFolder.AddFolderTest@5a56cdac]" started-at="2020-10-07T18:56:11Z" name="validateFieldsInAddFolderPopup" description="Validate the fields in Add Folder popUp" finished-at="2020-10-07T18:56:59Z" duration-ms="47157" status="PASS">
          <reporter-output>
          </reporter-output>
        </test-method> <!-- validateFieldsInAddFolderPopup -->
        <test-method signature="validateAddFolderFunctionality_SaveAndCloseFunctionality()[pri:3, instance:com.qa.clearpc.AddFolder.AddFolderTest@5a56cdac]" started-at="2020-10-07T18:56:59Z" name="validateAddFolderFunctionality_SaveAndCloseFunctionality" description="validate Add folder fucntionality" finished-at="2020-10-07T18:57:26Z" duration-ms="27257" status="PASS">
          <reporter-output>
          </reporter-output>
        </test-method> <!-- validateAddFolderFunctionality_SaveAndCloseFunctionality -->
        <test-method signature="searchNewlyCreatedFolderWithInOrganisation()[pri:4, instance:com.qa.clearpc.AddFolder.AddFolderTest@5a56cdac]" started-at="2020-10-07T18:57:26Z" name="searchNewlyCreatedFolderWithInOrganisation" description="Search newly created folder" finished-at="2020-10-07T18:58:12Z" depends-on-methods="com.qa.clearpc.AddFolder.AddFolderTest.validateAddFolderFunctionality_SaveAndCloseFunctionality" duration-ms="45554" status="PASS">
          <reporter-output>
          </reporter-output>
        </test-method> <!-- searchNewlyCreatedFolderWithInOrganisation -->
        <test-method signature="validateSaveAndAnotherFolderFunctionality()[pri:5, instance:com.qa.clearpc.AddFolder.AddFolderTest@5a56cdac]" started-at="2020-10-07T18:58:12Z" name="validateSaveAndAnotherFolderFunctionality" description="validate Save And AnotherFolder Functionality" finished-at="2020-10-07T18:59:08Z" duration-ms="55597" status="PASS">
          <reporter-output>
          </reporter-output>
        </test-method> <!-- validateSaveAndAnotherFolderFunctionality -->
        <test-method signature="validateEditFolderFucntionality()[pri:6, instance:com.qa.clearpc.AddFolder.AddFolderTest@5a56cdac]" started-at="2020-10-07T18:59:08Z" name="validateEditFolderFucntionality" description="Verify edit folder fucntionality" finished-at="2020-10-07T18:59:12Z" depends-on-methods="com.qa.clearpc.AddFolder.AddFolderTest.validateAddFolderFunctionality_SaveAndCloseFunctionality" duration-ms="3751" status="FAIL">
          <exception class="org.openqa.selenium.ElementClickInterceptedException">
            <message>
              <![CDATA[element click intercepted: Element <div id="navigiationOpenClosePanel" title="Show Navigation Panel" class="openClosePanel linked FL" onclick="showHideNavigationPanel()" style="border: 3px solid red;">...</div> is not clickable at point (28, 26). Other element would receive the click: <div id="overlay1" class="overlay assetViewerOverlayOpacity"></div>
  (Session info: chrome=85.0.4183.121)
Build info: version: '3.141.59', revision: 'e82be7d358', time: '2018-11-14T08:17:03'
System info: host: 'PFTBLR-RMZ-021', ip: '10.1.176.221', os.name: 'Windows 10', os.arch: 'amd64', os.version: '10.0', java.version: '12.0.2'
Driver info: org.openqa.selenium.chrome.ChromeDriver
Capabilities {acceptInsecureCerts: false, browserName: chrome, browserVersion: 85.0.4183.121, chrome: {chromedriverVersion: 85.0.4183.87 (cd6713ebf92fa..., userDataDir: D:\automationPULLprojects\C...}, goog:chromeOptions: {debuggerAddress: localhost:58255}, javascriptEnabled: true, networkConnectionEnabled: false, pageLoadStrategy: normal, platform: WINDOWS, platformName: WINDOWS, proxy: Proxy(), setWindowRect: true, strictFileInteractability: false, timeouts: {implicit: 0, pageLoad: 300000, script: 30000}, unhandledPromptBehavior: accept, webauthn:virtualAuthenticators: true}
Session ID: 7afb6e3c4d90e3000134656d4045e527]]>
            </message>
            <full-stacktrace>
              <![CDATA[org.openqa.selenium.ElementClickInterceptedException: element click intercepted: Element <div id="navigiationOpenClosePanel" title="Show Navigation Panel" class="openClosePanel linked FL" onclick="showHideNavigationPanel()" style="border: 3px solid red;">...</div> is not clickable at point (28, 26). Other element would receive the click: <div id="overlay1" class="overlay assetViewerOverlayOpacity"></div>
  (Session info: chrome=85.0.4183.121)
Build info: version: '3.141.59', revision: 'e82be7d358', time: '2018-11-14T08:17:03'
System info: host: 'PFTBLR-RMZ-021', ip: '10.1.176.221', os.name: 'Windows 10', os.arch: 'amd64', os.version: '10.0', java.version: '12.0.2'
Driver info: org.openqa.selenium.chrome.ChromeDriver
Capabilities {acceptInsecureCerts: false, browserName: chrome, browserVersion: 85.0.4183.121, chrome: {chromedriverVersion: 85.0.4183.87 (cd6713ebf92fa..., userDataDir: D:\automationPULLprojects\C...}, goog:chromeOptions: {debuggerAddress: localhost:58255}, javascriptEnabled: true, networkConnectionEnabled: false, pageLoadStrategy: normal, platform: WINDOWS, platformName: WINDOWS, proxy: Proxy(), setWindowRect: true, strictFileInteractability: false, timeouts: {implicit: 0, pageLoad: 300000, script: 30000}, unhandledPromptBehavior: accept, webauthn:virtualAuthenticators: true}
Session ID: 7afb6e3c4d90e3000134656d4045e527
	at java.base/jdk.internal.reflect.NativeConstructorAccessorImpl.newInstance0(Native Method)
	at java.base/jdk.internal.reflect.NativeConstructorAccessorImpl.newInstance(NativeConstructorAccessorImpl.java:62)
	at java.base/jdk.internal.reflect.DelegatingConstructorAccessorImpl.newInstance(DelegatingConstructorAccessorImpl.java:45)
	at java.base/java.lang.reflect.Constructor.newInstanceWithCaller(Constructor.java:500)
	at java.base/java.lang.reflect.Constructor.newInstance(Constructor.java:481)
	at org.openqa.selenium.remote.http.W3CHttpResponseCodec.createException(W3CHttpResponseCodec.java:187)
	at org.openqa.selenium.remote.http.W3CHttpResponseCodec.decode(W3CHttpResponseCodec.java:122)
	at org.openqa.selenium.remote.http.W3CHttpResponseCodec.decode(W3CHttpResponseCodec.java:49)
	at org.openqa.selenium.remote.HttpCommandExecutor.execute(HttpCommandExecutor.java:158)
	at org.openqa.selenium.remote.service.DriverCommandExecutor.execute(DriverCommandExecutor.java:83)
	at org.openqa.selenium.remote.RemoteWebDriver.execute(RemoteWebDriver.java:552)
	at org.openqa.selenium.remote.RemoteWebElement.execute(RemoteWebElement.java:285)
	at org.openqa.selenium.remote.RemoteWebElement.click(RemoteWebElement.java:84)
	at jdk.internal.reflect.GeneratedMethodAccessor11.invoke(Unknown Source)
	at java.base/jdk.internal.reflect.DelegatingMethodAccessorImpl.invoke(DelegatingMethodAccessorImpl.java:43)
	at java.base/java.lang.reflect.Method.invoke(Method.java:567)
	at org.openqa.selenium.support.pagefactory.internal.LocatingElementHandler.invoke(LocatingElementHandler.java:51)
	at com.sun.proxy.$Proxy17.click(Unknown Source)
	at com.qa.clearpc.utility.SeleniumUtility.Click(SeleniumUtility.java:38)
	at com.qa.clearpc.utility.GenericUtils.checkNavigationPanelStatus(GenericUtils.java:53)
	at com.qa.clearpc.utility.GenericUtils.selectOrganization(GenericUtils.java:68)
	at com.qa.clearpc.AddFolder.AddFolderTest.validateEditFolderFucntionality(AddFolderTest.java:142)
	at java.base/jdk.internal.reflect.NativeMethodAccessorImpl.invoke0(Native Method)
	at java.base/jdk.internal.reflect.NativeMethodAccessorImpl.invoke(NativeMethodAccessorImpl.java:62)
	at java.base/jdk.internal.reflect.DelegatingMethodAccessorImpl.invoke(DelegatingMethodAccessorImpl.java:43)
	at java.base/java.lang.reflect.Method.invoke(Method.java:567)
	at org.testng.internal.MethodInvocationHelper.invokeMethod(MethodInvocationHelper.java:104)
	at org.testng.internal.Invoker.invokeMethod(Invoker.java:645)
	at org.testng.internal.Invoker.invokeTestMethod(Invoker.java:851)
	at org.testng.internal.Invoker.invokeTestMethods(Invoker.java:1177)
	at org.testng.internal.TestMethodWorker.invokeTestMethods(TestMethodWorker.java:129)
	at org.testng.internal.TestMethodWorker.run(TestMethodWorker.java:112)
	at org.testng.TestRunner.privateRun(TestRunner.java:756)
	at org.testng.TestRunner.run(TestRunner.java:610)
	at org.testng.SuiteRunner.runTest(SuiteRunner.java:387)
	at org.testng.SuiteRunner.runSequentially(SuiteRunner.java:382)
	at org.testng.SuiteRunner.privateRun(SuiteRunner.java:340)
	at org.testng.SuiteRunner.run(SuiteRunner.java:289)
	at org.testng.SuiteRunnerWorker.runSuite(SuiteRunnerWorker.java:52)
	at org.testng.SuiteRunnerWorker.run(SuiteRunnerWorker.java:86)
	at org.testng.TestNG.runSuitesSequentially(TestNG.java:1293)
	at org.testng.TestNG.runSuitesSequentially(TestNG.java:1289)
	at org.testng.TestNG.runSuitesLocally(TestNG.java:1218)
	at org.testng.TestNG.runSuites(TestNG.java:1133)
	at org.testng.TestNG.run(TestNG.java:1104)
	at org.testng.remote.AbstractRemoteTestNG.run(AbstractRemoteTestNG.java:115)
	at org.testng.remote.RemoteTestNG.initAndRun(RemoteTestNG.java:251)
	at org.testng.remote.RemoteTestNG.main(RemoteTestNG.java:77)
]]>
            </full-stacktrace>
          </exception> <!-- org.openqa.selenium.ElementClickInterceptedException -->
          <reporter-output>
          </reporter-output>
        </test-method> <!-- validateEditFolderFucntionality -->
        <test-method is-config="true" signature="tearDown()[pri:0, instance:com.qa.clearpc.AddFolder.AddFolderTest@5a56cdac]" started-at="2020-10-07T18:59:12Z" name="tearDown" finished-at="2020-10-07T18:59:13Z" duration-ms="619" status="PASS">
          <reporter-output>
          </reporter-output>
        </test-method> <!-- tearDown -->
        <test-method is-config="true" signature="endSuite()[pri:0, instance:com.qa.clearpc.AddFolder.AddFolderTest@5a56cdac]" started-at="2020-10-07T18:59:13Z" name="endSuite" finished-at="2020-10-07T18:59:13Z" duration-ms="404" status="PASS">
          <reporter-output>
          </reporter-output>
        </test-method> <!-- endSuite -->
      </class> <!-- com.qa.clearpc.AddFolder.AddFolderTest -->
    </test> <!-- AddFolder -->
  </suite> <!-- AddFolder Module -->
</testng-results>
