<?xml version="1.0" encoding="UTF-8"?>
<testng-results ignored="3" total="5" passed="2" failed="0" skipped="0">
  <reporter-output>
  </reporter-output>
  <suite started-at="2020-10-30T15:30:14Z" name="Share Module" finished-at="2020-10-30T15:32:31Z" duration-ms="137775">
    <groups>
    </groups>
    <test started-at="2020-10-30T15:30:14Z" name="ShareLink" finished-at="2020-10-30T15:32:31Z" duration-ms="137775">
      <class name="com.qa.clearpc.shareLink.ShareLinkTest">
        <test-method is-config="true" signature="BeforesuiteSetup(java.lang.String, java.lang.String)[pri:0, instance:com.qa.clearpc.shareLink.ShareLinkTest@37d4349f]" started-at="2020-10-30T21:00:13Z" name="BeforesuiteSetup" finished-at="2020-10-30T21:00:14Z" duration-ms="720" status="PASS">
          <params>
            <param index="0">
              <value>
                <![CDATA[zAdminv2UAT]]>
              </value>
            </param>
            <param index="1">
              <value>
                <![CDATA[chrome]]>
              </value>
            </param>
          </params>
          <reporter-output>
          </reporter-output>
        </test-method> <!-- BeforesuiteSetup -->
        <test-method is-config="true" signature="initialisation()[pri:0, instance:com.qa.clearpc.shareLink.ShareLinkTest@37d4349f]" started-at="2020-10-30T21:00:14Z" name="initialisation" finished-at="2020-10-30T21:00:14Z" duration-ms="27" status="PASS">
          <reporter-output>
          </reporter-output>
        </test-method> <!-- initialisation -->
        <test-method is-config="true" signature="SetUp()[pri:0, instance:com.qa.clearpc.shareLink.ShareLinkTest@37d4349f]" started-at="2020-10-30T21:00:14Z" name="SetUp" finished-at="2020-10-30T21:00:37Z" depends-on-methods="com.qa.clearpc.BaseClass.BaseClass.initialisation" duration-ms="23337" status="PASS">
          <reporter-output>
          </reporter-output>
        </test-method> <!-- SetUp -->
        <test-method signature="verifyAssetSharePopup(java.lang.String)[pri:4, instance:com.qa.clearpc.shareLink.ShareLinkTest@37d4349f]" started-at="2020-10-30T21:00:37Z" name="verifyAssetSharePopup" description="Verify asset share link functionality" data-provider="getShareAssetLocators" finished-at="2020-10-30T21:01:33Z" duration-ms="55335" status="PASS">
          <params>
            <param index="0">
              <value>
                <![CDATA[COPY & EXIT1]]>
              </value>
            </param>
          </params>
          <reporter-output>
          </reporter-output>
        </test-method> <!-- verifyAssetSharePopup -->
        <test-method signature="verifyAssetSharePopup(java.lang.String)[pri:4, instance:com.qa.clearpc.shareLink.ShareLinkTest@37d4349f]" started-at="2020-10-30T21:01:33Z" name="verifyAssetSharePopup" description="Verify asset share link functionality" data-provider="getShareAssetLocators" finished-at="2020-10-30T21:02:30Z" duration-ms="57456" status="PASS">
          <params>
            <param index="0">
              <value>
                <![CDATA[COPY LINK1]]>
              </value>
            </param>
          </params>
          <reporter-output>
          </reporter-output>
        </test-method> <!-- verifyAssetSharePopup -->
        <test-method is-config="true" signature="tearDown()[pri:0, instance:com.qa.clearpc.shareLink.ShareLinkTest@37d4349f]" started-at="2020-10-30T21:02:31Z" name="tearDown" finished-at="2020-10-30T21:02:31Z" duration-ms="573" status="PASS">
          <reporter-output>
          </reporter-output>
        </test-method> <!-- tearDown -->
        <test-method is-config="true" signature="endSuite()[pri:0, instance:com.qa.clearpc.shareLink.ShareLinkTest@37d4349f]" started-at="2020-10-30T21:02:32Z" name="endSuite" finished-at="2020-10-30T21:02:32Z" duration-ms="441" status="PASS">
          <reporter-output>
          </reporter-output>
        </test-method> <!-- endSuite -->
      </class> <!-- com.qa.clearpc.shareLink.ShareLinkTest -->
    </test> <!-- ShareLink -->
  </suite> <!-- Share Module -->
  <suite started-at="2020-10-30T15:32:32Z" name="Admin_V2_UAT Suite" finished-at="2020-10-30T15:32:32Z" duration-ms="0">
    <groups>
    </groups>
  </suite> <!-- Admin_V2_UAT Suite -->
</testng-results>
