<?xml version="1.0" encoding="UTF-8"?>
<!-- Generated by org.testng.reporters.JUnitXMLReporter -->
<testsuite ignored="3" hostname="PFTBLR-RMZ-021" failures="0" tests="4" name="Search" time="103.155" errors="0" timestamp="07 Oct 2020 09:46:24 GMT">
  <testcase classname="com.qa.clearpc.search.Search_pageTest" name="ValidateSearchTipsMessageIsDispalyed" time="9.246"/>
  <testcase classname="com.qa.clearpc.search.Search_pageTest" name="performSearchWithinOrganisation" time="14.771"/>
  <testcase classname="com.qa.clearpc.search.Search_pageTest" name="validateSearchForInvalidData" time="45.969"/>
  <testcase classname="com.qa.clearpc.search.Search_pageTest" name="validateAutosuggetionsForAdvancedSearch" time="10.486"/>
  <testcase classname="com.qa.clearpc.search.Search_pageTest" name="validateGridAssetView" time="0.0">
    <ignored/>
  </testcase> <!-- validateGridAssetView -->
  <testcase classname="com.qa.clearpc.search.Search_pageTest" name="validateDetailedAssetView" time="0.0">
    <ignored/>
  </testcase> <!-- validateDetailedAssetView -->
  <testcase classname="com.qa.clearpc.search.Search_pageTest" name="validateListAssetView" time="0.0">
    <ignored/>
  </testcase> <!-- validateListAssetView -->
</testsuite> <!-- Search -->
