<?xml version="1.0" encoding="UTF-8"?>
<!-- Generated by org.testng.reporters.JUnitXMLReporter -->
<testsuite ignored="0" hostname="PFTBLR-RMZ-021" failures="0" tests="4" name="Login" time="100.832" errors="0" timestamp="29 Sep 2020 08:59:36 GMT">
  <testcase classname="com.qa.clearpc.search.Search_pageTest" name="ValidateSearchTipsMessageIsDispalyed" time="10.808"/>
  <testcase classname="com.qa.clearpc.search.Search_pageTest" name="performSearchWithinOrganisation" time="15.028"/>
  <testcase classname="com.qa.clearpc.search.Search_pageTest" name="validateSearchForInvalidData" time="42.681"/>
  <testcase classname="com.qa.clearpc.search.Search_pageTest" name="validateAutosuggetionsForAdvancedSearch" time="10.847"/>
</testsuite> <!-- Login -->
