<?xml version="1.0" encoding="UTF-8"?>
<!-- Generated by org.testng.reporters.JUnitXMLReporter -->
<testsuite ignored="5" hostname="PFTBLR-RMZ-021" failures="0" tests="1" name="AddFolder" time="72.891" errors="0" timestamp="22 Oct 2020 14:11:03 GMT">
  <testcase classname="com.qa.clearpc.AddFolder.AddFolderTest" name="validateAddFolderPopupDisplaying" time="46.017"/>
  <testcase classname="com.qa.clearpc.AddFolder.AddFolderTest" name="validateFieldsInAddFolderPopup" time="0.0">
    <ignored/>
  </testcase> <!-- validateFieldsInAddFolderPopup -->
  <testcase classname="com.qa.clearpc.AddFolder.AddFolderTest" name="validateEditFolderFucntionality" time="0.0">
    <ignored/>
  </testcase> <!-- validateEditFolderFucntionality -->
  <testcase classname="com.qa.clearpc.AddFolder.AddFolderTest" name="validateAddFolderFunctionality_SaveAndCloseFunctionality" time="0.0">
    <ignored/>
  </testcase> <!-- validateAddFolderFunctionality_SaveAndCloseFunctionality -->
  <testcase classname="com.qa.clearpc.AddFolder.AddFolderTest" name="validateSaveAndAnotherFolderFunctionality" time="0.0">
    <ignored/>
  </testcase> <!-- validateSaveAndAnotherFolderFunctionality -->
  <testcase classname="com.qa.clearpc.AddFolder.AddFolderTest" name="searchNewlyCreatedFolderWithInOrganisation" time="0.0">
    <ignored/>
  </testcase> <!-- searchNewlyCreatedFolderWithInOrganisation -->
</testsuite> <!-- AddFolder -->
