<?xml version="1.0" encoding="UTF-8"?>
<!-- Generated by org.testng.reporters.JUnitXMLReporter -->
<testsuite ignored="0" hostname="PFTBLR-RMZ-021" failures="0" tests="6" name="AddFolder" time="266.279" errors="0" timestamp="28 Mar 2021 15:44:08 GMT">
  <testcase classname="com.qa.clearpc.AddFolder.AddFolderTest" name="validateAddFolderPopupDisplaying" time="46.028"/>
  <testcase classname="com.qa.clearpc.AddFolder.AddFolderTest" name="validateFieldsInAddFolderPopup" time="20.612"/>
  <testcase classname="com.qa.clearpc.AddFolder.AddFolderTest" name="validateAddFolderFunctionality_SaveAndCloseFunctionality" time="27.022"/>
  <testcase classname="com.qa.clearpc.AddFolder.AddFolderTest" name="searchNewlyCreatedFolderWithInOrganisation" time="54.199"/>
  <testcase classname="com.qa.clearpc.AddFolder.AddFolderTest" name="validateSaveAndAnotherFolderFunctionality" time="56.541"/>
  <testcase classname="com.qa.clearpc.AddFolder.AddFolderTest" name="validateEditFolderFucntionality" time="33.034"/>
</testsuite> <!-- AddFolder -->
